<?xml version="1.0" encoding="UTF-8"?>
<coverage generated="1741151359592" clover="3.2.0">
  <project timestamp="1741151359592" name="All files">
    <metrics statements="283" coveredstatements="223" conditionals="118" coveredconditionals="82" methods="58" coveredmethods="51" elements="459" coveredelements="356" complexity="0" loc="283" ncloc="283" packages="1" files="4" classes="4"/>
    <file name="cache-directory.ts" path="/Users/matthewscott/Programming/NodeJS/haveibeenpwned/src/cache-directory.ts">
      <metrics statements="19" coveredstatements="19" conditionals="17" coveredconditionals="14" methods="5" coveredmethods="5"/>
      <line num="8" count="3" type="cond" truecount="2" falsecount="0"/>
      <line num="9" count="3" type="stmt"/>
      <line num="16" count="72" type="stmt"/>
      <line num="23" count="2" type="cond" truecount="2" falsecount="0"/>
      <line num="24" count="2" type="stmt"/>
      <line num="30" count="18" type="stmt"/>
      <line num="31" count="18" type="cond" truecount="7" falsecount="3"/>
      <line num="33" count="13" type="stmt"/>
      <line num="35" count="2" type="stmt"/>
      <line num="43" count="2" type="stmt"/>
      <line num="45" count="1" type="stmt"/>
      <line num="48" count="1" type="stmt"/>
      <line num="56" count="88" type="cond" truecount="1" falsecount="0"/>
      <line num="57" count="1" type="stmt"/>
      <line num="59" count="87" type="cond" truecount="1" falsecount="0"/>
      <line num="60" count="1" type="stmt"/>
      <line num="62" count="86" type="cond" truecount="1" falsecount="0"/>
      <line num="63" count="9" type="stmt"/>
      <line num="66" count="77" type="stmt"/>
    </file>
    <file name="cache.ts" path="/Users/matthewscott/Programming/NodeJS/haveibeenpwned/src/cache.ts">
      <metrics statements="45" coveredstatements="9" conditionals="13" coveredconditionals="4" methods="8" coveredmethods="5"/>
      <line num="13" count="72" type="stmt"/>
      <line num="20" count="72" type="stmt"/>
      <line num="21" count="72" type="cond" truecount="2" falsecount="0"/>
      <line num="31" count="0" type="stmt"/>
      <line num="32" count="0" type="stmt"/>
      <line num="34" count="0" type="cond" truecount="0" falsecount="1"/>
      <line num="36" count="0" type="stmt"/>
      <line num="37" count="0" type="stmt"/>
      <line num="38" count="0" type="stmt"/>
      <line num="39" count="0" type="cond" truecount="0" falsecount="1"/>
      <line num="40" count="0" type="stmt"/>
      <line num="45" count="0" type="stmt"/>
      <line num="56" count="0" type="stmt"/>
      <line num="57" count="0" type="stmt"/>
      <line num="67" count="79" type="cond" truecount="1" falsecount="0"/>
      <line num="68" count="79" type="stmt"/>
      <line num="71" count="0" type="stmt"/>
      <line num="72" count="0" type="stmt"/>
      <line num="73" count="0" type="stmt"/>
      <line num="75" count="0" type="stmt"/>
      <line num="76" count="0" type="stmt"/>
      <line num="79" count="0" type="cond" truecount="0" falsecount="1"/>
      <line num="80" count="0" type="stmt"/>
      <line num="83" count="0" type="stmt"/>
      <line num="86" count="0" type="stmt"/>
      <line num="97" count="0" type="cond" truecount="0" falsecount="1"/>
      <line num="98" count="0" type="stmt"/>
      <line num="99" count="0" type="stmt"/>
      <line num="100" count="0" type="stmt"/>
      <line num="104" count="0" type="cond" truecount="0" falsecount="3"/>
      <line num="105" count="0" type="stmt"/>
      <line num="109" count="0" type="stmt"/>
      <line num="110" count="0" type="stmt"/>
      <line num="111" count="0" type="stmt"/>
      <line num="119" count="68" type="stmt"/>
      <line num="129" count="53" type="cond" truecount="1" falsecount="0"/>
      <line num="130" count="53" type="stmt"/>
      <line num="133" count="0" type="stmt"/>
      <line num="134" count="0" type="stmt"/>
      <line num="135" count="0" type="stmt"/>
      <line num="138" count="0" type="stmt"/>
      <line num="140" count="0" type="stmt"/>
      <line num="148" count="0" type="stmt"/>
      <line num="151" count="0" type="stmt"/>
      <line num="162" count="2" type="stmt"/>
    </file>
    <file name="index.ts" path="/Users/matthewscott/Programming/NodeJS/haveibeenpwned/src/index.ts">
      <metrics statements="219" coveredstatements="195" conditionals="88" coveredconditionals="64" methods="45" coveredmethods="41"/>
      <line num="31" count="72" type="stmt"/>
      <line num="37" count="3" type="stmt"/>
      <line num="44" count="3" type="stmt"/>
      <line num="73" count="68" type="stmt"/>
      <line num="74" count="68" type="stmt"/>
      <line num="75" count="68" type="stmt"/>
      <line num="93" count="68" type="cond" truecount="1" falsecount="0"/>
      <line num="94" count="1" type="stmt"/>
      <line num="97" count="67" type="stmt"/>
      <line num="100" count="67" type="cond" truecount="1" falsecount="0"/>
      <line num="101" count="1" type="cond" truecount="1" falsecount="1"/>
      <line num="104" count="67" type="cond" truecount="1" falsecount="0"/>
      <line num="105" count="1" type="cond" truecount="1" falsecount="1"/>
      <line num="108" count="67" type="cond" truecount="2" falsecount="0"/>
      <line num="111" count="67" type="stmt"/>
      <line num="116" count="67" type="stmt"/>
      <line num="119" count="67" type="stmt"/>
      <line num="120" count="0" type="stmt"/>
      <line num="129" count="1" type="stmt"/>
      <line num="134" count="1" type="stmt"/>
      <line num="137" count="1" type="stmt"/>
      <line num="138" count="0" type="stmt"/>
      <line num="147" count="68" type="stmt"/>
      <line num="149" count="68" type="stmt"/>
      <line num="153" count="68" type="stmt"/>
      <line num="155" count="68" type="cond" truecount="4" falsecount="0"/>
      <line num="156" count="13" type="stmt"/>
      <line num="158" count="55" type="stmt"/>
      <line num="161" count="0" type="stmt"/>
      <line num="162" count="0" type="stmt"/>
      <line num="170" count="1" type="stmt"/>
      <line num="177" count="10" type="cond" truecount="1" falsecount="0"/>
      <line num="178" count="7" type="stmt"/>
      <line num="180" count="10" type="stmt"/>
      <line num="184" count="19" type="cond" truecount="1" falsecount="0"/>
      <line num="185" count="13" type="stmt"/>
      <line num="187" count="19" type="stmt"/>
      <line num="191" count="7" type="cond" truecount="1" falsecount="0"/>
      <line num="192" count="5" type="stmt"/>
      <line num="194" count="7" type="stmt"/>
      <line num="198" count="14" type="cond" truecount="1" falsecount="0"/>
      <line num="199" count="10" type="stmt"/>
      <line num="201" count="14" type="stmt"/>
      <line num="205" count="37" type="cond" truecount="1" falsecount="0"/>
      <line num="206" count="20" type="stmt"/>
      <line num="208" count="37" type="stmt"/>
      <line num="212" count="13" type="cond" truecount="1" falsecount="0"/>
      <line num="213" count="9" type="stmt"/>
      <line num="215" count="13" type="stmt"/>
      <line num="222" count="15" type="cond" truecount="1" falsecount="0"/>
      <line num="223" count="8" type="stmt"/>
      <line num="225" count="15" type="stmt"/>
      <line num="232" count="10" type="stmt"/>
      <line num="239" count="9" type="stmt"/>
      <line num="250" count="79" type="stmt"/>
      <line num="251" count="79" type="stmt"/>
      <line num="252" count="79" type="stmt"/>
      <line num="254" count="79" type="cond" truecount="0" falsecount="1"/>
      <line num="255" count="0" type="stmt"/>
      <line num="256" count="0" type="stmt"/>
      <line num="259" count="79" type="stmt"/>
      <line num="261" count="79" type="stmt"/>
      <line num="264" count="66" type="cond" truecount="1" falsecount="0"/>
      <line num="265" count="50" type="stmt"/>
      <line num="266" count="50" type="stmt"/>
      <line num="269" count="66" type="stmt"/>
      <line num="282" count="150" type="cond" truecount="1" falsecount="1"/>
      <line num="285" count="150" type="stmt"/>
      <line num="288" count="150" type="cond" truecount="1" falsecount="0"/>
      <line num="289" count="36" type="stmt"/>
      <line num="290" count="103" type="cond" truecount="1" falsecount="0"/>
      <line num="291" count="70" type="stmt"/>
      <line num="296" count="36" type="stmt"/>
      <line num="297" count="36" type="stmt"/>
      <line num="301" count="150" type="stmt"/>
      <line num="304" count="150" type="stmt"/>
      <line num="305" count="150" type="stmt"/>
      <line num="306" count="150" type="stmt"/>
      <line num="309" count="150" type="cond" truecount="0" falsecount="1"/>
      <line num="310" count="0" type="stmt"/>
      <line num="311" count="0" type="stmt"/>
      <line num="312" count="0" type="stmt"/>
      <line num="317" count="150" type="stmt"/>
      <line num="319" count="150" type="stmt"/>
      <line num="320" count="150" type="stmt"/>
      <line num="323" count="150" type="stmt"/>
      <line num="324" count="150" type="stmt"/>
      <line num="325" count="450" type="stmt"/>
      <line num="328" count="150" type="stmt"/>
      <line num="332" count="150" type="stmt"/>
      <line num="333" count="150" type="stmt"/>
      <line num="336" count="150" type="cond" truecount="1" falsecount="0"/>
      <line num="337" count="17" type="stmt"/>
      <line num="338" count="17" type="stmt"/>
      <line num="342" count="133" type="stmt"/>
      <line num="345" count="120" type="cond" truecount="0" falsecount="1"/>
      <line num="347" count="0" type="stmt"/>
      <line num="348" count="0" type="stmt"/>
      <line num="352" count="120" type="stmt"/>
      <line num="353" count="120" type="cond" truecount="2" falsecount="0"/>
      <line num="354" count="120" type="stmt"/>
      <line num="355" count="120" type="cond" truecount="2" falsecount="0"/>
      <line num="357" count="0" type="stmt"/>
      <line num="358" count="0" type="stmt"/>
      <line num="359" count="0" type="stmt"/>
      <line num="371" count="133" type="cond" truecount="1" falsecount="0"/>
      <line num="372" count="120" type="stmt"/>
      <line num="377" count="13" type="cond" truecount="7" falsecount="0"/>
      <line num="379" count="1" type="stmt"/>
      <line num="380" count="1" type="stmt"/>
      <line num="382" count="3" type="stmt"/>
      <line num="383" count="3" type="stmt"/>
      <line num="385" count="5" type="stmt"/>
      <line num="386" count="5" type="stmt"/>
      <line num="388" count="1" type="stmt"/>
      <line num="389" count="1" type="stmt"/>
      <line num="391" count="1" type="stmt"/>
      <line num="392" count="1" type="stmt"/>
      <line num="394" count="1" type="stmt"/>
      <line num="395" count="1" type="stmt"/>
      <line num="397" count="1" type="stmt"/>
      <line num="400" count="13" type="stmt"/>
      <line num="411" count="3" type="stmt"/>
      <line num="423" count="5" type="cond" truecount="3" falsecount="0"/>
      <line num="425" count="5" type="stmt"/>
      <line num="433" count="5" type="stmt"/>
      <line num="443" count="6" type="stmt"/>
      <line num="444" count="6" type="stmt"/>
      <line num="448" count="6" type="stmt"/>
      <line num="450" count="6" type="stmt"/>
      <line num="459" count="5" type="stmt"/>
      <line num="463" count="5" type="stmt"/>
      <line num="469" count="4" type="stmt"/>
      <line num="473" count="3" type="stmt"/>
      <line num="483" count="20" type="stmt"/>
      <line num="493" count="31" type="cond" truecount="4" falsecount="0"/>
      <line num="495" count="31" type="stmt"/>
      <line num="505" count="25" type="stmt"/>
      <line num="520" count="3" type="cond" truecount="1" falsecount="0"/>
      <line num="522" count="2" type="stmt"/>
      <line num="524" count="2" type="cond" truecount="1" falsecount="0"/>
      <line num="527" count="1" type="cond" truecount="1" falsecount="2"/>
      <line num="528" count="0" type="stmt"/>
      <line num="531" count="0" type="stmt"/>
      <line num="535" count="0" type="stmt"/>
      <line num="539" count="1" type="stmt"/>
      <line num="540" count="1" type="stmt"/>
      <line num="546" count="3" type="stmt"/>
      <line num="547" count="3" type="stmt"/>
      <line num="552" count="3" type="stmt"/>
      <line num="554" count="3" type="stmt"/>
      <line num="570" count="6" type="stmt"/>
      <line num="574" count="3" type="stmt"/>
      <line num="584" count="2" type="stmt"/>
      <line num="588" count="2" type="stmt"/>
      <line num="598" count="3" type="stmt"/>
      <line num="602" count="2" type="stmt"/>
      <line num="618" count="10" type="stmt"/>
      <line num="622" count="10" type="stmt"/>
      <line num="636" count="3" type="stmt"/>
      <line num="640" count="2" type="stmt"/>
      <line num="649" count="4" type="stmt"/>
      <line num="653" count="3" type="stmt"/>
      <line num="678" count="8" type="cond" truecount="3" falsecount="0"/>
      <line num="681" count="8" type="cond" truecount="0" falsecount="1"/>
      <line num="682" count="0" type="stmt"/>
      <line num="686" count="8" type="stmt"/>
      <line num="687" count="8" type="stmt"/>
      <line num="690" count="8" type="cond" truecount="1" falsecount="1"/>
      <line num="693" count="8" type="stmt"/>
      <line num="694" count="8" type="cond" truecount="1" falsecount="0"/>
      <line num="695" count="1" type="stmt"/>
      <line num="699" count="8" type="stmt"/>
      <line num="705" count="8" type="cond" truecount="0" falsecount="1"/>
      <line num="706" count="0" type="stmt"/>
      <line num="710" count="8" type="stmt"/>
      <line num="711" count="8" type="stmt"/>
      <line num="714" count="8" type="stmt"/>
      <line num="716" count="1700" type="cond" truecount="0" falsecount="1"/>
      <line num="718" count="1700" type="stmt"/>
      <line num="721" count="1700" type="cond" truecount="1" falsecount="2"/>
      <line num="722" count="0" type="stmt"/>
      <line num="725" count="1700" type="cond" truecount="1" falsecount="0"/>
      <line num="726" count="5" type="stmt"/>
      <line num="731" count="3" type="stmt"/>
      <line num="750" count="5" type="cond" truecount="3" falsecount="0"/>
      <line num="754" count="5" type="cond" truecount="2" falsecount="0"/>
      <line num="757" count="1" type="stmt"/>
      <line num="760" count="4" type="stmt"/>
      <line num="764" count="4" type="stmt"/>
      <line num="775" count="3" type="stmt"/>
      <line num="776" count="3" type="stmt"/>
      <line num="779" count="3" type="stmt"/>
      <line num="782" count="3" type="stmt"/>
      <line num="783" count="60" type="stmt"/>
      <line num="785" count="3" type="stmt"/>
      <line num="803" count="8" type="cond" truecount="1" falsecount="1"/>
      <line num="806" count="8" type="cond" truecount="1" falsecount="1"/>
      <line num="809" count="8" type="stmt"/>
      <line num="812" count="8" type="cond" truecount="0" falsecount="1"/>
      <line num="813" count="0" type="stmt"/>
      <line num="814" count="0" type="cond" truecount="0" falsecount="1"/>
      <line num="815" count="0" type="stmt"/>
      <line num="821" count="8" type="stmt"/>
      <line num="824" count="8" type="stmt"/>
      <line num="825" count="8" type="stmt"/>
      <line num="828" count="8" type="cond" truecount="1" falsecount="0"/>
      <line num="829" count="8" type="stmt"/>
      <line num="830" count="1" type="stmt"/>
      <line num="835" count="8" type="stmt"/>
      <line num="836" count="8" type="stmt"/>
      <line num="837" count="17" type="stmt"/>
      <line num="841" count="8" type="stmt"/>
      <line num="842" count="8" type="stmt"/>
      <line num="845" count="8" type="stmt"/>
      <line num="850" count="8" type="stmt"/>
      <line num="853" count="8" type="cond" truecount="0" falsecount="1"/>
      <line num="854" count="0" type="stmt"/>
      <line num="858" count="8" type="stmt"/>
    </file>
    <file name="types.d.ts" path="/Users/matthewscott/Programming/NodeJS/haveibeenpwned/src/types.d.ts">
      <metrics statements="0" coveredstatements="0" conditionals="0" coveredconditionals="0" methods="0" coveredmethods="0"/>
    </file>
  </project>
</coverage>
