<?xml version="1.0" encoding="UTF-8"?>
<coverage generated="1741304603166" clover="3.2.0">
  <project timestamp="1741304603166" name="All files">
    <metrics statements="257" coveredstatements="67" conditionals="122" coveredconditionals="25" methods="57" coveredmethods="17" elements="436" coveredelements="109" complexity="0" loc="257" ncloc="257" packages="1" files="4" classes="4"/>
    <file name="cache-directory.ts" path="/Users/matthewscott/Programming/NodeJS/haveibeenpwned/src/cache-directory.ts">
      <metrics statements="18" coveredstatements="8" conditionals="18" coveredconditionals="1" methods="5" coveredmethods="3"/>
      <line num="11" count="0" type="cond" truecount="0" falsecount="2"/>
      <line num="12" count="0" type="stmt"/>
      <line num="22" count="2" type="stmt"/>
      <line num="32" count="0" type="cond" truecount="0" falsecount="2"/>
      <line num="33" count="0" type="stmt"/>
      <line num="41" count="2" type="stmt"/>
      <line num="42" count="2" type="cond" truecount="1" falsecount="10"/>
      <line num="44" count="2" type="stmt"/>
      <line num="46" count="0" type="stmt"/>
      <line num="55" count="0" type="stmt"/>
      <line num="58" count="0" type="stmt"/>
      <line num="69" count="2" type="cond" truecount="0" falsecount="1"/>
      <line num="70" count="0" type="stmt"/>
      <line num="72" count="2" type="cond" truecount="0" falsecount="1"/>
      <line num="73" count="0" type="stmt"/>
      <line num="75" count="2" type="cond" truecount="0" falsecount="1"/>
      <line num="76" count="0" type="stmt"/>
      <line num="79" count="2" type="stmt"/>
    </file>
    <file name="cache.ts" path="/Users/matthewscott/Programming/NodeJS/haveibeenpwned/src/cache.ts">
      <metrics statements="46" coveredstatements="7" conditionals="15" coveredconditionals="4" methods="8" coveredmethods="3"/>
      <line num="14" count="2" type="stmt"/>
      <line num="22" count="2" type="stmt"/>
      <line num="23" count="2" type="cond" truecount="2" falsecount="0"/>
      <line num="34" count="0" type="stmt"/>
      <line num="35" count="0" type="stmt"/>
      <line num="37" count="0" type="cond" truecount="0" falsecount="1"/>
      <line num="39" count="0" type="stmt"/>
      <line num="40" count="0" type="stmt"/>
      <line num="41" count="0" type="stmt"/>
      <line num="42" count="0" type="cond" truecount="0" falsecount="1"/>
      <line num="43" count="0" type="stmt"/>
      <line num="48" count="0" type="stmt"/>
      <line num="58" count="0" type="stmt"/>
      <line num="70" count="6" type="cond" truecount="1" falsecount="0"/>
      <line num="71" count="6" type="stmt"/>
      <line num="74" count="0" type="stmt"/>
      <line num="75" count="0" type="stmt"/>
      <line num="76" count="0" type="stmt"/>
      <line num="79" count="0" type="stmt"/>
      <line num="80" count="0" type="cond" truecount="0" falsecount="1"/>
      <line num="81" count="0" type="stmt"/>
      <line num="85" count="0" type="stmt"/>
      <line num="86" count="0" type="stmt"/>
      <line num="89" count="0" type="cond" truecount="0" falsecount="1"/>
      <line num="90" count="0" type="stmt"/>
      <line num="93" count="0" type="stmt"/>
      <line num="96" count="0" type="stmt"/>
      <line num="108" count="0" type="cond" truecount="0" falsecount="1"/>
      <line num="109" count="0" type="stmt"/>
      <line num="110" count="0" type="stmt"/>
      <line num="111" count="0" type="stmt"/>
      <line num="113" count="0" type="cond" truecount="0" falsecount="1"/>
      <line num="114" count="0" type="stmt"/>
      <line num="120" count="0" type="cond" truecount="0" falsecount="3"/>
      <line num="122" count="0" type="stmt"/>
      <line num="127" count="0" type="stmt"/>
      <line num="136" count="0" type="stmt"/>
      <line num="148" count="3" type="cond" truecount="1" falsecount="0"/>
      <line num="149" count="3" type="stmt"/>
      <line num="152" count="0" type="stmt"/>
      <line num="153" count="0" type="stmt"/>
      <line num="154" count="0" type="stmt"/>
      <line num="157" count="0" type="stmt"/>
      <line num="158" count="0" type="stmt"/>
      <line num="161" count="0" type="stmt"/>
      <line num="170" count="0" type="stmt"/>
    </file>
    <file name="index.ts" path="/Users/matthewscott/Programming/NodeJS/haveibeenpwned/src/index.ts">
      <metrics statements="193" coveredstatements="52" conditionals="89" coveredconditionals="20" methods="44" coveredmethods="11"/>
      <line num="37" count="2" type="stmt"/>
      <line num="47" count="0" type="stmt"/>
      <line num="58" count="0" type="stmt"/>
      <line num="87" count="2" type="stmt"/>
      <line num="88" count="2" type="stmt"/>
      <line num="89" count="2" type="stmt"/>
      <line num="109" count="2" type="cond" truecount="0" falsecount="1"/>
      <line num="110" count="0" type="stmt"/>
      <line num="113" count="2" type="stmt"/>
      <line num="116" count="2" type="cond" truecount="0" falsecount="1"/>
      <line num="117" count="0" type="cond" truecount="0" falsecount="2"/>
      <line num="120" count="2" type="cond" truecount="0" falsecount="1"/>
      <line num="121" count="0" type="cond" truecount="0" falsecount="2"/>
      <line num="124" count="2" type="cond" truecount="2" falsecount="0"/>
      <line num="127" count="2" type="stmt"/>
      <line num="132" count="2" type="stmt"/>
      <line num="141" count="0" type="stmt"/>
      <line num="146" count="0" type="stmt"/>
      <line num="149" count="0" type="stmt"/>
      <line num="150" count="0" type="stmt"/>
      <line num="159" count="0" type="stmt"/>
      <line num="161" count="0" type="stmt"/>
      <line num="165" count="0" type="stmt"/>
      <line num="167" count="0" type="cond" truecount="0" falsecount="4"/>
      <line num="168" count="0" type="stmt"/>
      <line num="170" count="0" type="stmt"/>
      <line num="173" count="0" type="stmt"/>
      <line num="174" count="0" type="stmt"/>
      <line num="182" count="0" type="stmt"/>
      <line num="190" count="0" type="cond" truecount="0" falsecount="1"/>
      <line num="191" count="0" type="stmt"/>
      <line num="193" count="0" type="stmt"/>
      <line num="201" count="1" type="cond" truecount="1" falsecount="0"/>
      <line num="202" count="1" type="stmt"/>
      <line num="204" count="1" type="stmt"/>
      <line num="212" count="0" type="cond" truecount="0" falsecount="1"/>
      <line num="213" count="0" type="stmt"/>
      <line num="215" count="0" type="stmt"/>
      <line num="223" count="0" type="cond" truecount="0" falsecount="1"/>
      <line num="224" count="0" type="stmt"/>
      <line num="226" count="0" type="stmt"/>
      <line num="234" count="5" type="cond" truecount="1" falsecount="0"/>
      <line num="235" count="1" type="stmt"/>
      <line num="237" count="5" type="stmt"/>
      <line num="245" count="0" type="cond" truecount="0" falsecount="1"/>
      <line num="246" count="0" type="stmt"/>
      <line num="248" count="0" type="stmt"/>
      <line num="256" count="0" type="cond" truecount="0" falsecount="1"/>
      <line num="257" count="0" type="stmt"/>
      <line num="259" count="0" type="stmt"/>
      <line num="266" count="0" type="stmt"/>
      <line num="273" count="0" type="stmt"/>
      <line num="286" count="6" type="stmt"/>
      <line num="287" count="6" type="stmt"/>
      <line num="289" count="6" type="cond" truecount="0" falsecount="1"/>
      <line num="290" count="0" type="stmt"/>
      <line num="294" count="6" type="stmt"/>
      <line num="297" count="6" type="cond" truecount="1" falsecount="0"/>
      <line num="298" count="3" type="stmt"/>
      <line num="301" count="6" type="stmt"/>
      <line num="314" count="6" type="cond" truecount="1" falsecount="1"/>
      <line num="317" count="6" type="stmt"/>
      <line num="320" count="6" type="cond" truecount="1" falsecount="0"/>
      <line num="321" count="6" type="stmt"/>
      <line num="322" count="22" type="cond" truecount="1" falsecount="0"/>
      <line num="323" count="17" type="stmt"/>
      <line num="328" count="6" type="stmt"/>
      <line num="329" count="6" type="stmt"/>
      <line num="333" count="6" type="stmt"/>
      <line num="336" count="6" type="stmt"/>
      <line num="337" count="6" type="stmt"/>
      <line num="340" count="6" type="cond" truecount="0" falsecount="1"/>
      <line num="341" count="0" type="stmt"/>
      <line num="342" count="0" type="stmt"/>
      <line num="347" count="6" type="stmt"/>
      <line num="352" count="6" type="stmt"/>
      <line num="355" count="6" type="cond" truecount="1" falsecount="0"/>
      <line num="358" count="3" type="cond" truecount="1" falsecount="0"/>
      <line num="359" count="3" type="stmt"/>
      <line num="363" count="0" type="cond" truecount="0" falsecount="2"/>
      <line num="364" count="0" type="cond" truecount="0" falsecount="1"/>
      <line num="366" count="0" type="cond" truecount="0" falsecount="1"/>
      <line num="367" count="0" type="stmt"/>
      <line num="371" count="0" type="stmt"/>
      <line num="375" count="0" type="stmt"/>
      <line num="379" count="3" type="stmt"/>
      <line num="381" count="3" type="cond" truecount="2" falsecount="1"/>
      <line num="382" count="0" type="stmt"/>
      <line num="385" count="3" type="stmt"/>
      <line num="387" count="3" type="stmt"/>
      <line num="390" count="0" type="stmt"/>
      <line num="402" count="0" type="cond" truecount="0" falsecount="1"/>
      <line num="403" count="0" type="stmt"/>
      <line num="408" count="0" type="cond" truecount="0" falsecount="7"/>
      <line num="410" count="0" type="stmt"/>
      <line num="411" count="0" type="stmt"/>
      <line num="413" count="0" type="stmt"/>
      <line num="414" count="0" type="stmt"/>
      <line num="416" count="0" type="stmt"/>
      <line num="417" count="0" type="stmt"/>
      <line num="419" count="0" type="stmt"/>
      <line num="420" count="0" type="stmt"/>
      <line num="422" count="0" type="stmt"/>
      <line num="423" count="0" type="stmt"/>
      <line num="425" count="0" type="stmt"/>
      <line num="426" count="0" type="stmt"/>
      <line num="428" count="0" type="stmt"/>
      <line num="431" count="0" type="stmt"/>
      <line num="442" count="0" type="stmt"/>
      <line num="463" count="1" type="cond" truecount="2" falsecount="0"/>
      <line num="465" count="1" type="stmt"/>
      <line num="473" count="1" type="stmt"/>
      <line num="484" count="0" type="stmt"/>
      <line num="488" count="0" type="stmt"/>
      <line num="498" count="0" type="stmt"/>
      <line num="502" count="0" type="stmt"/>
      <line num="520" count="0" type="stmt"/>
      <line num="524" count="0" type="stmt"/>
      <line num="536" count="1" type="stmt"/>
      <line num="550" count="5" type="cond" truecount="5" falsecount="0"/>
      <line num="552" count="5" type="stmt"/>
      <line num="563" count="5" type="stmt"/>
      <line num="579" count="0" type="cond" truecount="0" falsecount="1"/>
      <line num="581" count="0" type="stmt"/>
      <line num="583" count="0" type="cond" truecount="0" falsecount="1"/>
      <line num="586" count="0" type="cond" truecount="0" falsecount="3"/>
      <line num="588" count="0" type="stmt"/>
      <line num="592" count="0" type="stmt"/>
      <line num="596" count="0" type="stmt"/>
      <line num="602" count="0" type="stmt"/>
      <line num="603" count="0" type="stmt"/>
      <line num="608" count="0" type="stmt"/>
      <line num="610" count="0" type="stmt"/>
      <line num="629" count="0" type="stmt"/>
      <line num="633" count="0" type="stmt"/>
      <line num="644" count="0" type="stmt"/>
      <line num="648" count="0" type="stmt"/>
      <line num="659" count="0" type="stmt"/>
      <line num="663" count="0" type="stmt"/>
      <line num="682" count="0" type="stmt"/>
      <line num="686" count="0" type="stmt"/>
      <line num="700" count="0" type="stmt"/>
      <line num="704" count="0" type="stmt"/>
      <line num="713" count="0" type="stmt"/>
      <line num="717" count="0" type="stmt"/>
      <line num="747" count="0" type="cond" truecount="0" falsecount="3"/>
      <line num="750" count="0" type="cond" truecount="0" falsecount="1"/>
      <line num="751" count="0" type="stmt"/>
      <line num="755" count="0" type="stmt"/>
      <line num="756" count="0" type="stmt"/>
      <line num="759" count="0" type="cond" truecount="0" falsecount="2"/>
      <line num="762" count="0" type="stmt"/>
      <line num="763" count="0" type="cond" truecount="0" falsecount="1"/>
      <line num="764" count="0" type="stmt"/>
      <line num="768" count="0" type="stmt"/>
      <line num="774" count="0" type="cond" truecount="0" falsecount="1"/>
      <line num="775" count="0" type="stmt"/>
      <line num="779" count="0" type="stmt"/>
      <line num="780" count="0" type="stmt"/>
      <line num="783" count="0" type="stmt"/>
      <line num="785" count="0" type="cond" truecount="0" falsecount="1"/>
      <line num="787" count="0" type="stmt"/>
      <line num="790" count="0" type="cond" truecount="0" falsecount="3"/>
      <line num="791" count="0" type="stmt"/>
      <line num="794" count="0" type="cond" truecount="0" falsecount="1"/>
      <line num="795" count="0" type="stmt"/>
      <line num="800" count="0" type="stmt"/>
      <line num="822" count="0" type="cond" truecount="0" falsecount="3"/>
      <line num="826" count="0" type="cond" truecount="0" falsecount="2"/>
      <line num="829" count="0" type="stmt"/>
      <line num="832" count="0" type="stmt"/>
      <line num="836" count="0" type="stmt"/>
      <line num="847" count="0" type="stmt"/>
      <line num="848" count="0" type="stmt"/>
      <line num="851" count="0" type="stmt"/>
      <line num="854" count="0" type="stmt"/>
      <line num="855" count="0" type="stmt"/>
      <line num="857" count="0" type="stmt"/>
      <line num="876" count="0" type="cond" truecount="0" falsecount="2"/>
      <line num="879" count="0" type="stmt"/>
      <line num="882" count="0" type="cond" truecount="0" falsecount="1"/>
      <line num="883" count="0" type="stmt"/>
      <line num="884" count="0" type="stmt"/>
      <line num="889" count="0" type="stmt"/>
      <line num="894" count="0" type="cond" truecount="0" falsecount="1"/>
      <line num="895" count="0" type="stmt"/>
      <line num="896" count="0" type="stmt"/>
      <line num="901" count="0" type="stmt"/>
      <line num="907" count="0" type="cond" truecount="0" falsecount="1"/>
      <line num="909" count="0" type="cond" truecount="0" falsecount="1"/>
      <line num="910" count="0" type="stmt"/>
      <line num="914" count="0" type="stmt"/>
      <line num="918" count="0" type="stmt"/>
    </file>
    <file name="types.d.ts" path="/Users/matthewscott/Programming/NodeJS/haveibeenpwned/src/types.d.ts">
      <metrics statements="0" coveredstatements="0" conditionals="0" coveredconditionals="0" methods="0" coveredmethods="0"/>
    </file>
  </project>
</coverage>
