{"/Users/matthewscott/Programming/NodeJS/haveibeenpwned/src/cache-directory.ts": {"path":"/Users/matthewscott/Programming/NodeJS/haveibeenpwned/src/cache-directory.ts","statementMap":{"0":{"start":{"line":8,"column":19},"end":{"line":8,"column":74}},"1":{"start":{"line":9,"column":1},"end":{"line":9,"column":28}},"2":{"start":{"line":16,"column":1},"end":{"line":16,"column":49}},"3":{"start":{"line":23,"column":17},"end":{"line":23,"column":80}},"4":{"start":{"line":24,"column":1},"end":{"line":24,"column":35}},"5":{"start":{"line":30,"column":23},"end":{"line":50,"column":4}},"6":{"start":{"line":31,"column":1},"end":{"line":49,"column":2}},"7":{"start":{"line":33,"column":3},"end":{"line":33,"column":17}},"8":{"start":{"line":35,"column":3},"end":{"line":35,"column":16}},"9":{"start":{"line":43,"column":3},"end":{"line":43,"column":16}},"10":{"start":{"line":45,"column":3},"end":{"line":47,"column":5}},"11":{"start":{"line":48,"column":3},"end":{"line":48,"column":16}},"12":{"start":{"line":56,"column":1},"end":{"line":58,"column":2}},"13":{"start":{"line":57,"column":2},"end":{"line":57,"column":44}},"14":{"start":{"line":59,"column":1},"end":{"line":61,"column":2}},"15":{"start":{"line":60,"column":2},"end":{"line":60,"column":40}},"16":{"start":{"line":62,"column":1},"end":{"line":64,"column":2}},"17":{"start":{"line":63,"column":2},"end":{"line":63,"column":58}},"18":{"start":{"line":66,"column":1},"end":{"line":66,"column":27}}},"fnMap":{"0":{"name":"posix","decl":{"start":{"line":7,"column":9},"end":{"line":7,"column":14}},"loc":{"start":{"line":7,"column":25},"end":{"line":10,"column":1}}},"1":{"name":"darwin","decl":{"start":{"line":15,"column":9},"end":{"line":15,"column":15}},"loc":{"start":{"line":15,"column":26},"end":{"line":17,"column":1}}},"2":{"name":"win32","decl":{"start":{"line":22,"column":9},"end":{"line":22,"column":14}},"loc":{"start":{"line":22,"column":25},"end":{"line":25,"column":1}}},"3":{"name":"(anonymous_3)","decl":{"start":{"line":30,"column":24},"end":{"line":30,"column":null}},"loc":{"start":{"line":30,"column":24},"end":{"line":50,"column":1}}},"4":{"name":"cachedir","decl":{"start":{"line":55,"column":16},"end":{"line":55,"column":24}},"loc":{"start":{"line":55,"column":35},"end":{"line":67,"column":1}}}},"branchMap":{"0":{"loc":{"start":{"line":8,"column":19},"end":{"line":8,"column":74}},"type":"binary-expr","locations":[{"start":{"line":8,"column":19},"end":{"line":8,"column":45}},{"start":{"line":8,"column":49},"end":{"line":8,"column":74}}]},"1":{"loc":{"start":{"line":23,"column":17},"end":{"line":23,"column":80}},"type":"binary-expr","locations":[{"start":{"line":23,"column":17},"end":{"line":23,"column":41}},{"start":{"line":23,"column":45},"end":{"line":23,"column":80}}]},"2":{"loc":{"start":{"line":31,"column":1},"end":{"line":49,"column":2}},"type":"switch","locations":[{"start":{"line":32,"column":2},"end":{"line":33,"column":17}},{"start":{"line":34,"column":2},"end":{"line":35,"column":16}},{"start":{"line":36,"column":2},"end":{"line":36,"column":13}},{"start":{"line":37,"column":2},"end":{"line":37,"column":17}},{"start":{"line":38,"column":2},"end":{"line":38,"column":17}},{"start":{"line":39,"column":2},"end":{"line":39,"column":15}},{"start":{"line":40,"column":2},"end":{"line":40,"column":16}},{"start":{"line":41,"column":2},"end":{"line":41,"column":17}},{"start":{"line":42,"column":2},"end":{"line":43,"column":16}},{"start":{"line":44,"column":2},"end":{"line":48,"column":16}}]},"3":{"loc":{"start":{"line":56,"column":1},"end":{"line":58,"column":2}},"type":"if","locations":[{"start":{"line":56,"column":1},"end":{"line":58,"column":2}}]},"4":{"loc":{"start":{"line":59,"column":1},"end":{"line":61,"column":2}},"type":"if","locations":[{"start":{"line":59,"column":1},"end":{"line":61,"column":2}}]},"5":{"loc":{"start":{"line":62,"column":1},"end":{"line":64,"column":2}},"type":"if","locations":[{"start":{"line":62,"column":1},"end":{"line":64,"column":2}}]}},"s":{"0":3,"1":3,"2":72,"3":2,"4":2,"5":18,"6":18,"7":13,"8":2,"9":2,"10":1,"11":1,"12":88,"13":1,"14":87,"15":1,"16":86,"17":9,"18":77},"f":{"0":3,"1":72,"2":2,"3":18,"4":88},"b":{"0":[3,2],"1":[2,1],"2":[13,2,0,0,0,2,2,2,2,1],"3":[1],"4":[1],"5":[9]}}
,"/Users/matthewscott/Programming/NodeJS/haveibeenpwned/src/cache.ts": {"path":"/Users/matthewscott/Programming/NodeJS/haveibeenpwned/src/cache.ts","statementMap":{"0":{"start":{"line":13,"column":43},"end":{"line":13,"column":47}},"1":{"start":{"line":20,"column":2},"end":{"line":20,"column":23}},"2":{"start":{"line":21,"column":2},"end":{"line":21,"column":68}},"3":{"start":{"line":31,"column":15},"end":{"line":31,"column":35}},"4":{"start":{"line":32,"column":2},"end":{"line":32,"column":24}},"5":{"start":{"line":34,"column":2},"end":{"line":43,"column":3}},"6":{"start":{"line":36,"column":22},"end":{"line":36,"column":48}},"7":{"start":{"line":37,"column":3},"end":{"line":42,"column":4}},"8":{"start":{"line":38,"column":18},"end":{"line":38,"column":29}},"9":{"start":{"line":39,"column":4},"end":{"line":41,"column":5}},"10":{"start":{"line":40,"column":5},"end":{"line":40,"column":44}},"11":{"start":{"line":45,"column":2},"end":{"line":45,"column":28}},"12":{"start":{"line":56,"column":17},"end":{"line":56,"column":36}},"13":{"start":{"line":57,"column":2},"end":{"line":57,"column":52}},"14":{"start":{"line":67,"column":2},"end":{"line":69,"column":3}},"15":{"start":{"line":68,"column":3},"end":{"line":68,"column":15}},"16":{"start":{"line":71,"column":2},"end":{"line":87,"column":3}},"17":{"start":{"line":72,"column":15},"end":{"line":72,"column":52}},"18":{"start":{"line":73,"column":20},"end":{"line":73,"column":46}},"19":{"start":{"line":75,"column":23},"end":{"line":75,"column":55}},"20":{"start":{"line":76,"column":17},"end":{"line":76,"column":56}},"21":{"start":{"line":79,"column":3},"end":{"line":81,"column":4}},"22":{"start":{"line":80,"column":4},"end":{"line":80,"column":22}},"23":{"start":{"line":83,"column":3},"end":{"line":83,"column":15}},"24":{"start":{"line":86,"column":3},"end":{"line":86,"column":15}},"25":{"start":{"line":97,"column":2},"end":{"line":101,"column":3}},"26":{"start":{"line":98,"column":15},"end":{"line":98,"column":25}},"27":{"start":{"line":99,"column":15},"end":{"line":99,"column":39}},"28":{"start":{"line":100,"column":3},"end":{"line":100,"column":32}},"29":{"start":{"line":104,"column":2},"end":{"line":106,"column":3}},"30":{"start":{"line":105,"column":3},"end":{"line":105,"column":66}},"31":{"start":{"line":109,"column":14},"end":{"line":109,"column":24}},"32":{"start":{"line":110,"column":14},"end":{"line":110,"column":38}},"33":{"start":{"line":111,"column":2},"end":{"line":111,"column":35}},"34":{"start":{"line":119,"column":2},"end":{"line":119,"column":31}},"35":{"start":{"line":129,"column":2},"end":{"line":131,"column":3}},"36":{"start":{"line":130,"column":3},"end":{"line":130,"column":10}},"37":{"start":{"line":133,"column":2},"end":{"line":152,"column":3}},"38":{"start":{"line":134,"column":15},"end":{"line":134,"column":52}},"39":{"start":{"line":135,"column":20},"end":{"line":135,"column":46}},"40":{"start":{"line":138,"column":3},"end":{"line":138,"column":55}},"41":{"start":{"line":140,"column":35},"end":{"line":146,"column":5}},"42":{"start":{"line":148,"column":3},"end":{"line":148,"column":64}},"43":{"start":{"line":151,"column":3},"end":{"line":151,"column":51}},"44":{"start":{"line":162,"column":2},"end":{"line":162,"column":76}}},"fnMap":{"0":{"name":"(anonymous_0)","decl":{"start":{"line":19,"column":1},"end":{"line":19,"column":13}},"loc":{"start":{"line":19,"column":32},"end":{"line":22,"column":2}}},"1":{"name":"(anonymous_1)","decl":{"start":{"line":30,"column":9},"end":{"line":30,"column":23}},"loc":{"start":{"line":30,"column":70},"end":{"line":46,"column":2}}},"2":{"name":"(anonymous_2)","decl":{"start":{"line":53,"column":9},"end":{"line":53,"column":25}},"loc":{"start":{"line":53,"column":37},"end":{"line":58,"column":2}}},"3":{"name":"(anonymous_3)","decl":{"start":{"line":66,"column":1},"end":{"line":66,"column":6}},"loc":{"start":{"line":66,"column":60},"end":{"line":88,"column":2}}},"4":{"name":"(anonymous_4)","decl":{"start":{"line":95,"column":9},"end":{"line":95,"column":21}},"loc":{"start":{"line":95,"column":45},"end":{"line":112,"column":2}}},"5":{"name":"(anonymous_5)","decl":{"start":{"line":118,"column":1},"end":{"line":118,"column":20}},"loc":{"start":{"line":118,"column":40},"end":{"line":120,"column":2}}},"6":{"name":"(anonymous_6)","decl":{"start":{"line":128,"column":1},"end":{"line":128,"column":6}},"loc":{"start":{"line":128,"column":80},"end":{"line":153,"column":2}}},"7":{"name":"(anonymous_7)","decl":{"start":{"line":158,"column":1},"end":{"line":158,"column":6}},"loc":{"start":{"line":158,"column":17},"end":{"line":163,"column":2}}}},"branchMap":{"0":{"loc":{"start":{"line":21,"column":18},"end":{"line":21,"column":67}},"type":"binary-expr","locations":[{"start":{"line":21,"column":18},"end":{"line":21,"column":34}},{"start":{"line":21,"column":38},"end":{"line":21,"column":67}}]},"1":{"loc":{"start":{"line":34,"column":2},"end":{"line":43,"column":3}},"type":"if","locations":[{"start":{"line":34,"column":2},"end":{"line":43,"column":3}}]},"2":{"loc":{"start":{"line":39,"column":4},"end":{"line":41,"column":5}},"type":"if","locations":[{"start":{"line":39,"column":4},"end":{"line":41,"column":5}}]},"3":{"loc":{"start":{"line":67,"column":2},"end":{"line":69,"column":3}},"type":"if","locations":[{"start":{"line":67,"column":2},"end":{"line":69,"column":3}}]},"4":{"loc":{"start":{"line":79,"column":3},"end":{"line":81,"column":4}},"type":"if","locations":[{"start":{"line":79,"column":3},"end":{"line":81,"column":4}}]},"5":{"loc":{"start":{"line":97,"column":2},"end":{"line":101,"column":3}},"type":"if","locations":[{"start":{"line":97,"column":2},"end":{"line":101,"column":3}}]},"6":{"loc":{"start":{"line":104,"column":2},"end":{"line":106,"column":3}},"type":"if","locations":[{"start":{"line":104,"column":2},"end":{"line":106,"column":3}}]},"7":{"loc":{"start":{"line":104,"column":6},"end":{"line":104,"column":61}},"type":"binary-expr","locations":[{"start":{"line":104,"column":6},"end":{"line":104,"column":27}},{"start":{"line":104,"column":31},"end":{"line":104,"column":61}}]},"8":{"loc":{"start":{"line":129,"column":2},"end":{"line":131,"column":3}},"type":"if","locations":[{"start":{"line":129,"column":2},"end":{"line":131,"column":3}}]},"9":{"loc":{"start":{"line":144,"column":28},"end":{"line":144,"column":62}},"type":"binary-expr","locations":[{"start":{"line":144,"column":28},"end":{"line":144,"column":49}},{"start":{"line":144,"column":53},"end":{"line":144,"column":62}}]}},"s":{"0":72,"1":72,"2":72,"3":0,"4":0,"5":0,"6":0,"7":0,"8":0,"9":0,"10":0,"11":0,"12":0,"13":0,"14":79,"15":79,"16":0,"17":0,"18":0,"19":0,"20":0,"21":0,"22":0,"23":0,"24":0,"25":0,"26":0,"27":0,"28":0,"29":0,"30":0,"31":0,"32":0,"33":0,"34":68,"35":53,"36":53,"37":0,"38":0,"39":0,"40":0,"41":0,"42":0,"43":0,"44":2},"f":{"0":72,"1":0,"2":0,"3":79,"4":0,"5":68,"6":53,"7":2},"b":{"0":[72,71],"1":[0],"2":[0],"3":[79],"4":[0],"5":[0],"6":[0],"7":[0,0],"8":[53],"9":[0,0]}}
,"/Users/matthewscott/Programming/NodeJS/haveibeenpwned/src/index.ts": {"path":"/Users/matthewscott/Programming/NodeJS/haveibeenpwned/src/index.ts","statementMap":{"0":{"start":{"line":31,"column":32},"end":{"line":31,"column":54}},"1":{"start":{"line":37,"column":2},"end":{"line":37,"column":51}},"2":{"start":{"line":44,"column":2},"end":{"line":44,"column":53}},"3":{"start":{"line":73,"column":19},"end":{"line":73,"column":55}},"4":{"start":{"line":74,"column":28},"end":{"line":74,"column":61}},"5":{"start":{"line":75,"column":21},"end":{"line":75,"column":40}},"6":{"start":{"line":93,"column":2},"end":{"line":95,"column":3}},"7":{"start":{"line":94,"column":3},"end":{"line":94,"column":42}},"8":{"start":{"line":97,"column":2},"end":{"line":97,"column":23}},"9":{"start":{"line":100,"column":2},"end":{"line":102,"column":3}},"10":{"start":{"line":101,"column":3},"end":{"line":101,"column":90}},"11":{"start":{"line":104,"column":2},"end":{"line":106,"column":3}},"12":{"start":{"line":105,"column":3},"end":{"line":105,"column":126}},"13":{"start":{"line":108,"column":2},"end":{"line":108,"column":61}},"14":{"start":{"line":111,"column":35},"end":{"line":115,"column":4}},"15":{"start":{"line":116,"column":2},"end":{"line":116,"column":52}},"16":{"start":{"line":119,"column":2},"end":{"line":121,"column":5}},"17":{"start":{"line":120,"column":3},"end":{"line":120,"column":81}},"18":{"start":{"line":129,"column":35},"end":{"line":133,"column":4}},"19":{"start":{"line":134,"column":2},"end":{"line":134,"column":52}},"20":{"start":{"line":137,"column":2},"end":{"line":139,"column":5}},"21":{"start":{"line":138,"column":3},"end":{"line":138,"column":81}},"22":{"start":{"line":147,"column":2},"end":{"line":163,"column":3}},"23":{"start":{"line":149,"column":20},"end":{"line":151,"column":5}},"24":{"start":{"line":153,"column":24},"end":{"line":153,"column":54}},"25":{"start":{"line":155,"column":3},"end":{"line":159,"column":4}},"26":{"start":{"line":156,"column":4},"end":{"line":156,"column":66}},"27":{"start":{"line":158,"column":4},"end":{"line":158,"column":48}},"28":{"start":{"line":161,"column":3},"end":{"line":161,"column":57}},"29":{"start":{"line":162,"column":3},"end":{"line":162,"column":47}},"30":{"start":{"line":170,"column":2},"end":{"line":170,"column":39}},"31":{"start":{"line":177,"column":2},"end":{"line":179,"column":3}},"32":{"start":{"line":178,"column":3},"end":{"line":178,"column":47}},"33":{"start":{"line":180,"column":2},"end":{"line":180,"column":28}},"34":{"start":{"line":184,"column":2},"end":{"line":186,"column":3}},"35":{"start":{"line":185,"column":3},"end":{"line":185,"column":35}},"36":{"start":{"line":187,"column":2},"end":{"line":187,"column":22}},"37":{"start":{"line":191,"column":2},"end":{"line":193,"column":3}},"38":{"start":{"line":192,"column":3},"end":{"line":192,"column":31}},"39":{"start":{"line":194,"column":2},"end":{"line":194,"column":20}},"40":{"start":{"line":198,"column":2},"end":{"line":200,"column":3}},"41":{"start":{"line":199,"column":3},"end":{"line":199,"column":43}},"42":{"start":{"line":201,"column":2},"end":{"line":201,"column":26}},"43":{"start":{"line":205,"column":2},"end":{"line":207,"column":3}},"44":{"start":{"line":206,"column":3},"end":{"line":206,"column":39}},"45":{"start":{"line":208,"column":2},"end":{"line":208,"column":24}},"46":{"start":{"line":212,"column":2},"end":{"line":214,"column":3}},"47":{"start":{"line":213,"column":3},"end":{"line":213,"column":33}},"48":{"start":{"line":215,"column":2},"end":{"line":215,"column":21}},"49":{"start":{"line":222,"column":2},"end":{"line":224,"column":3}},"50":{"start":{"line":223,"column":3},"end":{"line":223,"column":41}},"51":{"start":{"line":225,"column":2},"end":{"line":225,"column":25}},"52":{"start":{"line":232,"column":2},"end":{"line":232,"column":24}},"53":{"start":{"line":239,"column":2},"end":{"line":239,"column":31}},"54":{"start":{"line":250,"column":19},"end":{"line":250,"column":23}},"55":{"start":{"line":251,"column":2},"end":{"line":251,"column":49}},"56":{"start":{"line":252,"column":21},"end":{"line":252,"column":74}},"57":{"start":{"line":254,"column":2},"end":{"line":257,"column":3}},"58":{"start":{"line":255,"column":3},"end":{"line":255,"column":45}},"59":{"start":{"line":256,"column":3},"end":{"line":256,"column":21}},"60":{"start":{"line":259,"column":2},"end":{"line":259,"column":65}},"61":{"start":{"line":261,"column":19},"end":{"line":261,"column":59}},"62":{"start":{"line":264,"column":2},"end":{"line":267,"column":3}},"63":{"start":{"line":265,"column":3},"end":{"line":265,"column":52}},"64":{"start":{"line":266,"column":3},"end":{"line":266,"column":67}},"65":{"start":{"line":269,"column":2},"end":{"line":269,"column":18}},"66":{"start":{"line":282,"column":25},"end":{"line":282,"column":68}},"67":{"start":{"line":285,"column":14},"end":{"line":285,"column":51}},"68":{"start":{"line":288,"column":2},"end":{"line":298,"column":3}},"69":{"start":{"line":289,"column":3},"end":{"line":293,"column":6}},"70":{"start":{"line":290,"column":4},"end":{"line":292,"column":5}},"71":{"start":{"line":291,"column":5},"end":{"line":291,"column":49}},"72":{"start":{"line":296,"column":39},"end":{"line":296,"column":46}},"73":{"start":{"line":297,"column":3},"end":{"line":297,"column":26}},"74":{"start":{"line":301,"column":18},"end":{"line":301,"column":31}},"75":{"start":{"line":304,"column":2},"end":{"line":304,"column":43}},"76":{"start":{"line":305,"column":2},"end":{"line":305,"column":44}},"77":{"start":{"line":306,"column":2},"end":{"line":306,"column":44}},"78":{"start":{"line":309,"column":2},"end":{"line":314,"column":3}},"79":{"start":{"line":310,"column":25},"end":{"line":310,"column":66}},"80":{"start":{"line":311,"column":3},"end":{"line":313,"column":6}},"81":{"start":{"line":312,"column":4},"end":{"line":312,"column":28}},"82":{"start":{"line":317,"column":42},"end":{"line":317,"column":49}},"83":{"start":{"line":319,"column":2},"end":{"line":319,"column":54}},"84":{"start":{"line":320,"column":2},"end":{"line":320,"column":65}},"85":{"start":{"line":323,"column":28},"end":{"line":323,"column":41}},"86":{"start":{"line":324,"column":2},"end":{"line":326,"column":3}},"87":{"start":{"line":325,"column":3},"end":{"line":325,"column":51}},"88":{"start":{"line":328,"column":2},"end":{"line":362,"column":5}},"89":{"start":{"line":332,"column":3},"end":{"line":332,"column":76}},"90":{"start":{"line":333,"column":3},"end":{"line":333,"column":84}},"91":{"start":{"line":336,"column":3},"end":{"line":339,"column":4}},"92":{"start":{"line":337,"column":4},"end":{"line":337,"column":54}},"93":{"start":{"line":338,"column":4},"end":{"line":338,"column":16}},"94":{"start":{"line":342,"column":3},"end":{"line":342,"column":38}},"95":{"start":{"line":345,"column":3},"end":{"line":349,"column":4}},"96":{"start":{"line":347,"column":4},"end":{"line":347,"column":54}},"97":{"start":{"line":348,"column":4},"end":{"line":348,"column":16}},"98":{"start":{"line":352,"column":3},"end":{"line":361,"column":6}},"99":{"start":{"line":353,"column":4},"end":{"line":353,"column":130}},"100":{"start":{"line":354,"column":4},"end":{"line":360,"column":5}},"101":{"start":{"line":355,"column":5},"end":{"line":355,"column":43}},"102":{"start":{"line":357,"column":5},"end":{"line":357,"column":71}},"103":{"start":{"line":358,"column":5},"end":{"line":358,"column":48}},"104":{"start":{"line":359,"column":5},"end":{"line":359,"column":17}},"105":{"start":{"line":371,"column":2},"end":{"line":373,"column":3}},"106":{"start":{"line":372,"column":3},"end":{"line":372,"column":10}},"107":{"start":{"line":377,"column":2},"end":{"line":398,"column":3}},"108":{"start":{"line":379,"column":4},"end":{"line":379,"column":87}},"109":{"start":{"line":380,"column":4},"end":{"line":380,"column":10}},"110":{"start":{"line":382,"column":4},"end":{"line":382,"column":52}},"111":{"start":{"line":383,"column":4},"end":{"line":383,"column":10}},"112":{"start":{"line":385,"column":4},"end":{"line":385,"column":81}},"113":{"start":{"line":386,"column":4},"end":{"line":386,"column":10}},"114":{"start":{"line":388,"column":4},"end":{"line":388,"column":74}},"115":{"start":{"line":389,"column":4},"end":{"line":389,"column":10}},"116":{"start":{"line":391,"column":4},"end":{"line":391,"column":43}},"117":{"start":{"line":392,"column":4},"end":{"line":392,"column":10}},"118":{"start":{"line":394,"column":4},"end":{"line":394,"column":83}},"119":{"start":{"line":395,"column":4},"end":{"line":395,"column":10}},"120":{"start":{"line":397,"column":4},"end":{"line":397,"column":87}},"121":{"start":{"line":400,"column":2},"end":{"line":400,"column":32}},"122":{"start":{"line":411,"column":2},"end":{"line":411,"column":51}},"123":{"start":{"line":423,"column":41},"end":{"line":423,"column":54}},"124":{"start":{"line":425,"column":19},"end":{"line":431,"column":4}},"125":{"start":{"line":433,"column":2},"end":{"line":433,"column":35}},"126":{"start":{"line":443,"column":2},"end":{"line":443,"column":44}},"127":{"start":{"line":444,"column":19},"end":{"line":446,"column":4}},"128":{"start":{"line":448,"column":2},"end":{"line":448,"column":44}},"129":{"start":{"line":450,"column":2},"end":{"line":450,"column":40}},"130":{"start":{"line":459,"column":19},"end":{"line":461,"column":4}},"131":{"start":{"line":463,"column":2},"end":{"line":463,"column":40}},"132":{"start":{"line":469,"column":19},"end":{"line":471,"column":4}},"133":{"start":{"line":473,"column":2},"end":{"line":473,"column":18}},"134":{"start":{"line":483,"column":46},"end":{"line":483,"column":50}},"135":{"start":{"line":493,"column":73},"end":{"line":493,"column":86}},"136":{"start":{"line":495,"column":19},"end":{"line":503,"column":4}},"137":{"start":{"line":505,"column":2},"end":{"line":505,"column":42}},"138":{"start":{"line":520,"column":2},"end":{"line":542,"column":3}},"139":{"start":{"line":522,"column":24},"end":{"line":522,"column":57}},"140":{"start":{"line":524,"column":3},"end":{"line":541,"column":4}},"141":{"start":{"line":527,"column":4},"end":{"line":536,"column":5}},"142":{"start":{"line":528,"column":5},"end":{"line":528,"column":81}},"143":{"start":{"line":531,"column":22},"end":{"line":533,"column":7}},"144":{"start":{"line":535,"column":5},"end":{"line":535,"column":53}},"145":{"start":{"line":539,"column":4},"end":{"line":539,"column":54}},"146":{"start":{"line":540,"column":4},"end":{"line":540,"column":107}},"147":{"start":{"line":546,"column":15},"end":{"line":546,"column":61}},"148":{"start":{"line":547,"column":19},"end":{"line":549,"column":4}},"149":{"start":{"line":552,"column":2},"end":{"line":552,"column":52}},"150":{"start":{"line":554,"column":2},"end":{"line":554,"column":50}},"151":{"start":{"line":570,"column":19},"end":{"line":572,"column":4}},"152":{"start":{"line":574,"column":2},"end":{"line":574,"column":37}},"153":{"start":{"line":584,"column":19},"end":{"line":586,"column":4}},"154":{"start":{"line":588,"column":2},"end":{"line":588,"column":37}},"155":{"start":{"line":598,"column":19},"end":{"line":600,"column":4}},"156":{"start":{"line":602,"column":2},"end":{"line":602,"column":50}},"157":{"start":{"line":618,"column":19},"end":{"line":620,"column":4}},"158":{"start":{"line":622,"column":2},"end":{"line":622,"column":41}},"159":{"start":{"line":636,"column":19},"end":{"line":638,"column":4}},"160":{"start":{"line":640,"column":2},"end":{"line":640,"column":48}},"161":{"start":{"line":649,"column":19},"end":{"line":651,"column":4}},"162":{"start":{"line":653,"column":2},"end":{"line":653,"column":49}},"163":{"start":{"line":678,"column":39},"end":{"line":678,"column":52}},"164":{"start":{"line":681,"column":2},"end":{"line":683,"column":3}},"165":{"start":{"line":682,"column":3},"end":{"line":682,"column":71}},"166":{"start":{"line":686,"column":17},"end":{"line":686,"column":59}},"167":{"start":{"line":687,"column":17},"end":{"line":687,"column":56}},"168":{"start":{"line":690,"column":22},"end":{"line":690,"column":68}},"169":{"start":{"line":693,"column":42},"end":{"line":693,"column":44}},"170":{"start":{"line":694,"column":2},"end":{"line":696,"column":3}},"171":{"start":{"line":695,"column":3},"end":{"line":695,"column":35}},"172":{"start":{"line":699,"column":19},"end":{"line":702,"column":4}},"173":{"start":{"line":705,"column":2},"end":{"line":707,"column":3}},"174":{"start":{"line":706,"column":3},"end":{"line":706,"column":12}},"175":{"start":{"line":710,"column":23},"end":{"line":710,"column":41}},"176":{"start":{"line":711,"column":16},"end":{"line":711,"column":40}},"177":{"start":{"line":714,"column":2},"end":{"line":728,"column":3}},"178":{"start":{"line":716,"column":3},"end":{"line":716,"column":30}},"179":{"start":{"line":716,"column":21},"end":{"line":716,"column":30}},"180":{"start":{"line":718,"column":34},"end":{"line":718,"column":49}},"181":{"start":{"line":721,"column":3},"end":{"line":723,"column":4}},"182":{"start":{"line":722,"column":4},"end":{"line":722,"column":13}},"183":{"start":{"line":725,"column":3},"end":{"line":727,"column":4}},"184":{"start":{"line":726,"column":4},"end":{"line":726,"column":41}},"185":{"start":{"line":731,"column":2},"end":{"line":731,"column":11}},"186":{"start":{"line":750,"column":28},"end":{"line":750,"column":41}},"187":{"start":{"line":754,"column":2},"end":{"line":761,"column":3}},"188":{"start":{"line":757,"column":3},"end":{"line":757,"column":124}},"189":{"start":{"line":760,"column":3},"end":{"line":760,"column":44}},"190":{"start":{"line":764,"column":2},"end":{"line":764,"column":43}},"191":{"start":{"line":775,"column":18},"end":{"line":775,"column":35}},"192":{"start":{"line":776,"column":15},"end":{"line":776,"column":35}},"193":{"start":{"line":779,"column":21},"end":{"line":779,"column":62}},"194":{"start":{"line":782,"column":20},"end":{"line":782,"column":58}},"195":{"start":{"line":783,"column":18},"end":{"line":783,"column":78}},"196":{"start":{"line":783,"column":37},"end":{"line":783,"column":68}},"197":{"start":{"line":785,"column":2},"end":{"line":785,"column":31}},"198":{"start":{"line":803,"column":50},"end":{"line":803,"column":63}},"199":{"start":{"line":806,"column":25},"end":{"line":806,"column":68}},"200":{"start":{"line":809,"column":14},"end":{"line":809,"column":72}},"201":{"start":{"line":812,"column":2},"end":{"line":818,"column":3}},"202":{"start":{"line":813,"column":3},"end":{"line":817,"column":6}},"203":{"start":{"line":814,"column":4},"end":{"line":816,"column":5}},"204":{"start":{"line":815,"column":5},"end":{"line":815,"column":49}},"205":{"start":{"line":821,"column":18},"end":{"line":821,"column":31}},"206":{"start":{"line":824,"column":2},"end":{"line":824,"column":56}},"207":{"start":{"line":825,"column":2},"end":{"line":825,"column":31}},"208":{"start":{"line":828,"column":2},"end":{"line":832,"column":3}},"209":{"start":{"line":829,"column":3},"end":{"line":831,"column":6}},"210":{"start":{"line":830,"column":4},"end":{"line":830,"column":28}},"211":{"start":{"line":835,"column":28},"end":{"line":835,"column":41}},"212":{"start":{"line":836,"column":2},"end":{"line":838,"column":3}},"213":{"start":{"line":837,"column":3},"end":{"line":837,"column":51}},"214":{"start":{"line":841,"column":2},"end":{"line":841,"column":67}},"215":{"start":{"line":842,"column":2},"end":{"line":842,"column":88}},"216":{"start":{"line":845,"column":19},"end":{"line":847,"column":4}},"217":{"start":{"line":850,"column":2},"end":{"line":850,"column":88}},"218":{"start":{"line":853,"column":2},"end":{"line":855,"column":3}},"219":{"start":{"line":854,"column":3},"end":{"line":854,"column":94}},"220":{"start":{"line":858,"column":2},"end":{"line":858,"column":25}}},"fnMap":{"0":{"name":"(anonymous_0)","decl":{"start":{"line":31,"column":1},"end":{"line":31,"column":32}},"loc":{"start":{"line":31,"column":54},"end":{"line":31,"column":58}}},"1":{"name":"(anonymous_1)","decl":{"start":{"line":36,"column":11},"end":{"line":36,"column":16}},"loc":{"start":{"line":36,"column":74},"end":{"line":38,"column":2}}},"2":{"name":"(anonymous_2)","decl":{"start":{"line":43,"column":11},"end":{"line":43,"column":16}},"loc":{"start":{"line":43,"column":97},"end":{"line":45,"column":2}}},"3":{"name":"(anonymous_3)","decl":{"start":{"line":92,"column":1},"end":{"line":92,"column":13}},"loc":{"start":{"line":92,"column":60},"end":{"line":122,"column":2}}},"4":{"name":"(anonymous_4)","decl":{"start":{"line":119,"column":33},"end":{"line":119,"column":36}},"loc":{"start":{"line":119,"column":39},"end":{"line":121,"column":3}}},"5":{"name":"(anonymous_5)","decl":{"start":{"line":128,"column":1},"end":{"line":128,"column":17}},"loc":{"start":{"line":128,"column":39},"end":{"line":140,"column":2}}},"6":{"name":"(anonymous_6)","decl":{"start":{"line":137,"column":33},"end":{"line":137,"column":36}},"loc":{"start":{"line":137,"column":39},"end":{"line":139,"column":3}}},"7":{"name":"(anonymous_7)","decl":{"start":{"line":146,"column":9},"end":{"line":146,"column":14}},"loc":{"start":{"line":146,"column":32},"end":{"line":164,"column":2}}},"8":{"name":"(anonymous_8)","decl":{"start":{"line":169,"column":1},"end":{"line":169,"column":6}},"loc":{"start":{"line":169,"column":17},"end":{"line":171,"column":2}}},"9":{"name":"(anonymous_9)","decl":{"start":{"line":176,"column":1},"end":{"line":176,"column":5}},"loc":{"start":{"line":176,"column":17},"end":{"line":181,"column":2}}},"10":{"name":"(anonymous_10)","decl":{"start":{"line":183,"column":1},"end":{"line":183,"column":5}},"loc":{"start":{"line":183,"column":11},"end":{"line":188,"column":2}}},"11":{"name":"(anonymous_11)","decl":{"start":{"line":190,"column":1},"end":{"line":190,"column":5}},"loc":{"start":{"line":190,"column":9},"end":{"line":195,"column":2}}},"12":{"name":"(anonymous_12)","decl":{"start":{"line":197,"column":1},"end":{"line":197,"column":5}},"loc":{"start":{"line":197,"column":15},"end":{"line":202,"column":2}}},"13":{"name":"(anonymous_13)","decl":{"start":{"line":204,"column":1},"end":{"line":204,"column":5}},"loc":{"start":{"line":204,"column":13},"end":{"line":209,"column":2}}},"14":{"name":"(anonymous_14)","decl":{"start":{"line":211,"column":1},"end":{"line":211,"column":5}},"loc":{"start":{"line":211,"column":10},"end":{"line":216,"column":2}}},"15":{"name":"(anonymous_15)","decl":{"start":{"line":221,"column":1},"end":{"line":221,"column":5}},"loc":{"start":{"line":221,"column":14},"end":{"line":226,"column":2}}},"16":{"name":"(anonymous_16)","decl":{"start":{"line":231,"column":1},"end":{"line":231,"column":13}},"loc":{"start":{"line":231,"column":13},"end":{"line":233,"column":2}}},"17":{"name":"(anonymous_17)","decl":{"start":{"line":238,"column":1},"end":{"line":238,"column":20}},"loc":{"start":{"line":238,"column":20},"end":{"line":240,"column":2}}},"18":{"name":"(anonymous_18)","decl":{"start":{"line":248,"column":1},"end":{"line":248,"column":6}},"loc":{"start":{"line":248,"column":57},"end":{"line":270,"column":2}}},"19":{"name":"(anonymous_19)","decl":{"start":{"line":280,"column":1},"end":{"line":280,"column":15}},"loc":{"start":{"line":280,"column":58},"end":{"line":363,"column":2}}},"20":{"name":"(anonymous_20)","decl":{"start":{"line":289,"column":42},"end":{"line":289,"column":43}},"loc":{"start":{"line":289,"column":59},"end":{"line":293,"column":4}}},"21":{"name":"(anonymous_21)","decl":{"start":{"line":311,"column":41},"end":{"line":311,"column":42}},"loc":{"start":{"line":311,"column":58},"end":{"line":313,"column":4}}},"22":{"name":"(anonymous_22)","decl":{"start":{"line":331,"column":10},"end":{"line":331,"column":18}},"loc":{"start":{"line":331,"column":21},"end":{"line":362,"column":3}}},"23":{"name":"(anonymous_23)","decl":{"start":{"line":352,"column":31},"end":{"line":352,"column":35}},"loc":{"start":{"line":352,"column":38},"end":{"line":361,"column":4}}},"24":{"name":"(anonymous_24)","decl":{"start":{"line":370,"column":9},"end":{"line":370,"column":28}},"loc":{"start":{"line":370,"column":47},"end":{"line":401,"column":2}}},"25":{"name":"(anonymous_25)","decl":{"start":{"line":410,"column":1},"end":{"line":410,"column":12}},"loc":{"start":{"line":410,"column":81},"end":{"line":412,"column":2}}},"26":{"name":"(anonymous_26)","decl":{"start":{"line":422,"column":1},"end":{"line":422,"column":6}},"loc":{"start":{"line":422,"column":37},"end":{"line":434,"column":2}}},"27":{"name":"(anonymous_27)","decl":{"start":{"line":442,"column":1},"end":{"line":442,"column":6}},"loc":{"start":{"line":442,"column":24},"end":{"line":451,"column":2}}},"28":{"name":"(anonymous_28)","decl":{"start":{"line":458,"column":1},"end":{"line":458,"column":6}},"loc":{"start":{"line":458,"column":13},"end":{"line":464,"column":2}}},"29":{"name":"(anonymous_29)","decl":{"start":{"line":468,"column":1},"end":{"line":468,"column":6}},"loc":{"start":{"line":468,"column":14},"end":{"line":474,"column":2}}},"30":{"name":"(anonymous_30)","decl":{"start":{"line":492,"column":1},"end":{"line":492,"column":6}},"loc":{"start":{"line":492,"column":72},"end":{"line":506,"column":2}}},"31":{"name":"(anonymous_31)","decl":{"start":{"line":515,"column":1},"end":{"line":515,"column":6}},"loc":{"start":{"line":515,"column":48},"end":{"line":555,"column":2}}},"32":{"name":"(anonymous_32)","decl":{"start":{"line":569,"column":1},"end":{"line":569,"column":6}},"loc":{"start":{"line":569,"column":26},"end":{"line":575,"column":2}}},"33":{"name":"(anonymous_33)","decl":{"start":{"line":583,"column":1},"end":{"line":583,"column":6}},"loc":{"start":{"line":583,"column":29},"end":{"line":589,"column":2}}},"34":{"name":"(anonymous_34)","decl":{"start":{"line":597,"column":1},"end":{"line":597,"column":6}},"loc":{"start":{"line":597,"column":33},"end":{"line":603,"column":2}}},"35":{"name":"(anonymous_35)","decl":{"start":{"line":617,"column":1},"end":{"line":617,"column":6}},"loc":{"start":{"line":617,"column":28},"end":{"line":623,"column":2}}},"36":{"name":"(anonymous_36)","decl":{"start":{"line":635,"column":1},"end":{"line":635,"column":6}},"loc":{"start":{"line":635,"column":13},"end":{"line":641,"column":2}}},"37":{"name":"(anonymous_37)","decl":{"start":{"line":648,"column":1},"end":{"line":648,"column":6}},"loc":{"start":{"line":648,"column":14},"end":{"line":654,"column":2}}},"38":{"name":"(anonymous_38)","decl":{"start":{"line":671,"column":1},"end":{"line":671,"column":6}},"loc":{"start":{"line":676,"column":3},"end":{"line":732,"column":2}}},"39":{"name":"(anonymous_39)","decl":{"start":{"line":743,"column":1},"end":{"line":743,"column":6}},"loc":{"start":{"line":748,"column":3},"end":{"line":765,"column":2}}},"40":{"name":"(anonymous_40)","decl":{"start":{"line":773,"column":9},"end":{"line":773,"column":14}},"loc":{"start":{"line":773,"column":32},"end":{"line":786,"column":2}}},"41":{"name":"(anonymous_41)","decl":{"start":{"line":783,"column":32},"end":{"line":783,"column":33}},"loc":{"start":{"line":783,"column":37},"end":{"line":783,"column":68}}},"42":{"name":"(anonymous_42)","decl":{"start":{"line":796,"column":9},"end":{"line":796,"column":14}},"loc":{"start":{"line":801,"column":3},"end":{"line":859,"column":2}}},"43":{"name":"(anonymous_43)","decl":{"start":{"line":813,"column":39},"end":{"line":813,"column":40}},"loc":{"start":{"line":813,"column":56},"end":{"line":817,"column":4}}},"44":{"name":"(anonymous_44)","decl":{"start":{"line":829,"column":41},"end":{"line":829,"column":42}},"loc":{"start":{"line":829,"column":58},"end":{"line":831,"column":4}}}},"branchMap":{"0":{"loc":{"start":{"line":36,"column":46},"end":{"line":36,"column":74}},"type":"default-arg","locations":[{"start":{"line":36,"column":72},"end":{"line":36,"column":74}}]},"1":{"loc":{"start":{"line":93,"column":2},"end":{"line":95,"column":3}},"type":"if","locations":[{"start":{"line":93,"column":2},"end":{"line":95,"column":3}}]},"2":{"loc":{"start":{"line":100,"column":2},"end":{"line":102,"column":3}},"type":"if","locations":[{"start":{"line":100,"column":2},"end":{"line":102,"column":3}}]},"3":{"loc":{"start":{"line":101,"column":18},"end":{"line":101,"column":89}},"type":"cond-expr","locations":[{"start":{"line":101,"column":50},"end":{"line":101,"column":65}},{"start":{"line":101,"column":68},"end":{"line":101,"column":89}}]},"4":{"loc":{"start":{"line":104,"column":2},"end":{"line":106,"column":3}},"type":"if","locations":[{"start":{"line":104,"column":2},"end":{"line":106,"column":3}}]},"5":{"loc":{"start":{"line":105,"column":27},"end":{"line":105,"column":125}},"type":"cond-expr","locations":[{"start":{"line":105,"column":68},"end":{"line":105,"column":92}},{"start":{"line":105,"column":95},"end":{"line":105,"column":125}}]},"6":{"loc":{"start":{"line":108,"column":19},"end":{"line":108,"column":60}},"type":"binary-expr","locations":[{"start":{"line":108,"column":19},"end":{"line":108,"column":37}},{"start":{"line":108,"column":41},"end":{"line":108,"column":60}}]},"7":{"loc":{"start":{"line":112,"column":12},"end":{"line":112,"column":43}},"type":"binary-expr","locations":[{"start":{"line":112,"column":12},"end":{"line":112,"column":35}},{"start":{"line":112,"column":39},"end":{"line":112,"column":43}}]},"8":{"loc":{"start":{"line":130,"column":12},"end":{"line":130,"column":35}},"type":"binary-expr","locations":[{"start":{"line":130,"column":12},"end":{"line":130,"column":27}},{"start":{"line":130,"column":31},"end":{"line":130,"column":35}}]},"9":{"loc":{"start":{"line":155,"column":3},"end":{"line":159,"column":4}},"type":"if","locations":[{"start":{"line":155,"column":3},"end":{"line":159,"column":4}},{"start":{"line":157,"column":10},"end":{"line":159,"column":4}}]},"10":{"loc":{"start":{"line":155,"column":7},"end":{"line":155,"column":45}},"type":"binary-expr","locations":[{"start":{"line":155,"column":7},"end":{"line":155,"column":19}},{"start":{"line":155,"column":23},"end":{"line":155,"column":45}}]},"11":{"loc":{"start":{"line":177,"column":2},"end":{"line":179,"column":3}},"type":"if","locations":[{"start":{"line":177,"column":2},"end":{"line":179,"column":3}}]},"12":{"loc":{"start":{"line":184,"column":2},"end":{"line":186,"column":3}},"type":"if","locations":[{"start":{"line":184,"column":2},"end":{"line":186,"column":3}}]},"13":{"loc":{"start":{"line":191,"column":2},"end":{"line":193,"column":3}},"type":"if","locations":[{"start":{"line":191,"column":2},"end":{"line":193,"column":3}}]},"14":{"loc":{"start":{"line":198,"column":2},"end":{"line":200,"column":3}},"type":"if","locations":[{"start":{"line":198,"column":2},"end":{"line":200,"column":3}}]},"15":{"loc":{"start":{"line":205,"column":2},"end":{"line":207,"column":3}},"type":"if","locations":[{"start":{"line":205,"column":2},"end":{"line":207,"column":3}}]},"16":{"loc":{"start":{"line":212,"column":2},"end":{"line":214,"column":3}},"type":"if","locations":[{"start":{"line":212,"column":2},"end":{"line":214,"column":3}}]},"17":{"loc":{"start":{"line":222,"column":2},"end":{"line":224,"column":3}},"type":"if","locations":[{"start":{"line":222,"column":2},"end":{"line":224,"column":3}}]},"18":{"loc":{"start":{"line":248,"column":29},"end":{"line":248,"column":57}},"type":"default-arg","locations":[{"start":{"line":248,"column":55},"end":{"line":248,"column":57}}]},"19":{"loc":{"start":{"line":254,"column":2},"end":{"line":257,"column":3}},"type":"if","locations":[{"start":{"line":254,"column":2},"end":{"line":257,"column":3}}]},"20":{"loc":{"start":{"line":264,"column":2},"end":{"line":267,"column":3}},"type":"if","locations":[{"start":{"line":264,"column":2},"end":{"line":267,"column":3}}]},"21":{"loc":{"start":{"line":280,"column":30},"end":{"line":280,"column":58}},"type":"default-arg","locations":[{"start":{"line":280,"column":56},"end":{"line":280,"column":58}}]},"22":{"loc":{"start":{"line":282,"column":25},"end":{"line":282,"column":68}},"type":"cond-expr","locations":[{"start":{"line":282,"column":48},"end":{"line":282,"column":61}},{"start":{"line":282,"column":64},"end":{"line":282,"column":68}}]},"23":{"loc":{"start":{"line":288,"column":2},"end":{"line":298,"column":3}},"type":"if","locations":[{"start":{"line":288,"column":2},"end":{"line":298,"column":3}}]},"24":{"loc":{"start":{"line":290,"column":4},"end":{"line":292,"column":5}},"type":"if","locations":[{"start":{"line":290,"column":4},"end":{"line":292,"column":5}}]},"25":{"loc":{"start":{"line":309,"column":2},"end":{"line":314,"column":3}},"type":"if","locations":[{"start":{"line":309,"column":2},"end":{"line":314,"column":3}}]},"26":{"loc":{"start":{"line":336,"column":3},"end":{"line":339,"column":4}},"type":"if","locations":[{"start":{"line":336,"column":3},"end":{"line":339,"column":4}}]},"27":{"loc":{"start":{"line":345,"column":3},"end":{"line":349,"column":4}},"type":"if","locations":[{"start":{"line":345,"column":3},"end":{"line":349,"column":4}}]},"28":{"loc":{"start":{"line":353,"column":56},"end":{"line":353,"column":128}},"type":"cond-expr","locations":[{"start":{"line":353,"column":63},"end":{"line":353,"column":118}},{"start":{"line":353,"column":121},"end":{"line":353,"column":128}}]},"29":{"loc":{"start":{"line":355,"column":12},"end":{"line":355,"column":42}},"type":"cond-expr","locations":[{"start":{"line":355,"column":19},"end":{"line":355,"column":35}},{"start":{"line":355,"column":38},"end":{"line":355,"column":42}}]},"30":{"loc":{"start":{"line":371,"column":2},"end":{"line":373,"column":3}},"type":"if","locations":[{"start":{"line":371,"column":2},"end":{"line":373,"column":3}}]},"31":{"loc":{"start":{"line":377,"column":2},"end":{"line":398,"column":3}},"type":"switch","locations":[{"start":{"line":378,"column":3},"end":{"line":380,"column":10}},{"start":{"line":381,"column":3},"end":{"line":383,"column":10}},{"start":{"line":384,"column":3},"end":{"line":386,"column":10}},{"start":{"line":387,"column":3},"end":{"line":389,"column":10}},{"start":{"line":390,"column":3},"end":{"line":392,"column":10}},{"start":{"line":393,"column":3},"end":{"line":395,"column":10}},{"start":{"line":396,"column":3},"end":{"line":397,"column":87}}]},"32":{"loc":{"start":{"line":423,"column":18},"end":{"line":423,"column":36}},"type":"default-arg","locations":[{"start":{"line":423,"column":31},"end":{"line":423,"column":36}}]},"33":{"loc":{"start":{"line":423,"column":41},"end":{"line":423,"column":54}},"type":"binary-expr","locations":[{"start":{"line":423,"column":41},"end":{"line":423,"column":48}},{"start":{"line":423,"column":52},"end":{"line":423,"column":54}}]},"34":{"loc":{"start":{"line":492,"column":15},"end":{"line":492,"column":38}},"type":"default-arg","locations":[{"start":{"line":492,"column":33},"end":{"line":492,"column":38}}]},"35":{"loc":{"start":{"line":493,"column":10},"end":{"line":493,"column":33}},"type":"default-arg","locations":[{"start":{"line":493,"column":29},"end":{"line":493,"column":33}}]},"36":{"loc":{"start":{"line":493,"column":43},"end":{"line":493,"column":68}},"type":"default-arg","locations":[{"start":{"line":493,"column":63},"end":{"line":493,"column":68}}]},"37":{"loc":{"start":{"line":493,"column":73},"end":{"line":493,"column":86}},"type":"binary-expr","locations":[{"start":{"line":493,"column":73},"end":{"line":493,"column":80}},{"start":{"line":493,"column":84},"end":{"line":493,"column":86}}]},"38":{"loc":{"start":{"line":515,"column":30},"end":{"line":515,"column":48}},"type":"default-arg","locations":[{"start":{"line":515,"column":43},"end":{"line":515,"column":48}}]},"39":{"loc":{"start":{"line":520,"column":2},"end":{"line":542,"column":3}},"type":"if","locations":[{"start":{"line":520,"column":2},"end":{"line":542,"column":3}}]},"40":{"loc":{"start":{"line":524,"column":3},"end":{"line":541,"column":4}},"type":"if","locations":[{"start":{"line":524,"column":3},"end":{"line":541,"column":4}}]},"41":{"loc":{"start":{"line":527,"column":4},"end":{"line":536,"column":5}},"type":"if","locations":[{"start":{"line":527,"column":4},"end":{"line":536,"column":5}}]},"42":{"loc":{"start":{"line":527,"column":8},"end":{"line":527,"column":86}},"type":"binary-expr","locations":[{"start":{"line":527,"column":8},"end":{"line":527,"column":32}},{"start":{"line":527,"column":36},"end":{"line":527,"column":86}}]},"43":{"loc":{"start":{"line":678,"column":10},"end":{"line":678,"column":28}},"type":"default-arg","locations":[{"start":{"line":678,"column":23},"end":{"line":678,"column":28}}]},"44":{"loc":{"start":{"line":678,"column":39},"end":{"line":678,"column":52}},"type":"binary-expr","locations":[{"start":{"line":678,"column":39},"end":{"line":678,"column":46}},{"start":{"line":678,"column":50},"end":{"line":678,"column":52}}]},"45":{"loc":{"start":{"line":681,"column":2},"end":{"line":683,"column":3}},"type":"if","locations":[{"start":{"line":681,"column":2},"end":{"line":683,"column":3}}]},"46":{"loc":{"start":{"line":690,"column":22},"end":{"line":690,"column":68}},"type":"cond-expr","locations":[{"start":{"line":690,"column":40},"end":{"line":690,"column":56}},{"start":{"line":690,"column":59},"end":{"line":690,"column":68}}]},"47":{"loc":{"start":{"line":694,"column":2},"end":{"line":696,"column":3}},"type":"if","locations":[{"start":{"line":694,"column":2},"end":{"line":696,"column":3}}]},"48":{"loc":{"start":{"line":705,"column":2},"end":{"line":707,"column":3}},"type":"if","locations":[{"start":{"line":705,"column":2},"end":{"line":707,"column":3}}]},"49":{"loc":{"start":{"line":716,"column":3},"end":{"line":716,"column":30}},"type":"if","locations":[{"start":{"line":716,"column":3},"end":{"line":716,"column":30}}]},"50":{"loc":{"start":{"line":721,"column":3},"end":{"line":723,"column":4}},"type":"if","locations":[{"start":{"line":721,"column":3},"end":{"line":723,"column":4}}]},"51":{"loc":{"start":{"line":721,"column":7},"end":{"line":721,"column":44}},"type":"binary-expr","locations":[{"start":{"line":721,"column":7},"end":{"line":721,"column":30}},{"start":{"line":721,"column":34},"end":{"line":721,"column":44}}]},"52":{"loc":{"start":{"line":725,"column":3},"end":{"line":727,"column":4}},"type":"if","locations":[{"start":{"line":725,"column":3},"end":{"line":727,"column":4}}]},"53":{"loc":{"start":{"line":750,"column":10},"end":{"line":750,"column":23}},"type":"default-arg","locations":[{"start":{"line":750,"column":17},"end":{"line":750,"column":23}}]},"54":{"loc":{"start":{"line":750,"column":28},"end":{"line":750,"column":41}},"type":"binary-expr","locations":[{"start":{"line":750,"column":28},"end":{"line":750,"column":35}},{"start":{"line":750,"column":39},"end":{"line":750,"column":41}}]},"55":{"loc":{"start":{"line":754,"column":2},"end":{"line":761,"column":3}},"type":"if","locations":[{"start":{"line":754,"column":2},"end":{"line":761,"column":3}},{"start":{"line":758,"column":9},"end":{"line":761,"column":3}}]},"56":{"loc":{"start":{"line":803,"column":50},"end":{"line":803,"column":63}},"type":"binary-expr","locations":[{"start":{"line":803,"column":50},"end":{"line":803,"column":57}},{"start":{"line":803,"column":61},"end":{"line":803,"column":63}}]},"57":{"loc":{"start":{"line":806,"column":25},"end":{"line":806,"column":68}},"type":"cond-expr","locations":[{"start":{"line":806,"column":48},"end":{"line":806,"column":61}},{"start":{"line":806,"column":64},"end":{"line":806,"column":68}}]},"58":{"loc":{"start":{"line":812,"column":2},"end":{"line":818,"column":3}},"type":"if","locations":[{"start":{"line":812,"column":2},"end":{"line":818,"column":3}}]},"59":{"loc":{"start":{"line":814,"column":4},"end":{"line":816,"column":5}},"type":"if","locations":[{"start":{"line":814,"column":4},"end":{"line":816,"column":5}}]},"60":{"loc":{"start":{"line":828,"column":2},"end":{"line":832,"column":3}},"type":"if","locations":[{"start":{"line":828,"column":2},"end":{"line":832,"column":3}}]},"61":{"loc":{"start":{"line":853,"column":2},"end":{"line":855,"column":3}},"type":"if","locations":[{"start":{"line":853,"column":2},"end":{"line":855,"column":3}}]}},"s":{"0":72,"1":3,"2":3,"3":68,"4":68,"5":68,"6":68,"7":1,"8":67,"9":67,"10":1,"11":67,"12":1,"13":67,"14":67,"15":67,"16":67,"17":0,"18":1,"19":1,"20":1,"21":0,"22":68,"23":68,"24":68,"25":68,"26":13,"27":55,"28":0,"29":0,"30":1,"31":10,"32":7,"33":10,"34":19,"35":13,"36":19,"37":7,"38":5,"39":7,"40":14,"41":10,"42":14,"43":37,"44":20,"45":37,"46":13,"47":9,"48":13,"49":15,"50":8,"51":15,"52":10,"53":9,"54":79,"55":79,"56":79,"57":79,"58":0,"59":0,"60":79,"61":79,"62":66,"63":50,"64":50,"65":66,"66":150,"67":150,"68":150,"69":36,"70":103,"71":70,"72":36,"73":36,"74":150,"75":150,"76":150,"77":150,"78":150,"79":0,"80":0,"81":0,"82":150,"83":150,"84":150,"85":150,"86":150,"87":450,"88":150,"89":150,"90":150,"91":150,"92":17,"93":17,"94":133,"95":120,"96":0,"97":0,"98":120,"99":120,"100":120,"101":120,"102":0,"103":0,"104":0,"105":133,"106":120,"107":13,"108":1,"109":1,"110":3,"111":3,"112":5,"113":5,"114":1,"115":1,"116":1,"117":1,"118":1,"119":1,"120":1,"121":13,"122":3,"123":5,"124":5,"125":5,"126":6,"127":6,"128":6,"129":6,"130":5,"131":5,"132":4,"133":3,"134":20,"135":31,"136":31,"137":25,"138":3,"139":2,"140":2,"141":1,"142":0,"143":0,"144":0,"145":1,"146":1,"147":3,"148":3,"149":3,"150":3,"151":6,"152":3,"153":2,"154":2,"155":3,"156":2,"157":10,"158":10,"159":3,"160":2,"161":4,"162":3,"163":8,"164":8,"165":0,"166":8,"167":8,"168":8,"169":8,"170":8,"171":1,"172":8,"173":8,"174":0,"175":8,"176":8,"177":8,"178":1700,"179":0,"180":1700,"181":1700,"182":0,"183":1700,"184":5,"185":3,"186":5,"187":5,"188":1,"189":4,"190":4,"191":3,"192":3,"193":3,"194":3,"195":3,"196":60,"197":3,"198":8,"199":8,"200":8,"201":8,"202":0,"203":0,"204":0,"205":8,"206":8,"207":8,"208":8,"209":8,"210":1,"211":8,"212":8,"213":17,"214":8,"215":8,"216":8,"217":8,"218":8,"219":0,"220":8},"f":{"0":72,"1":3,"2":3,"3":68,"4":0,"5":1,"6":0,"7":68,"8":1,"9":10,"10":19,"11":7,"12":14,"13":37,"14":13,"15":15,"16":10,"17":9,"18":79,"19":150,"20":103,"21":0,"22":150,"23":120,"24":133,"25":3,"26":5,"27":6,"28":5,"29":4,"30":31,"31":3,"32":6,"33":2,"34":3,"35":10,"36":3,"37":4,"38":8,"39":5,"40":3,"41":60,"42":8,"43":0,"44":1},"b":{"0":[0],"1":[1],"2":[1],"3":[1,0],"4":[1],"5":[1,0],"6":[67,66],"7":[67,1],"8":[1,0],"9":[13,55],"10":[68,47],"11":[7],"12":[13],"13":[5],"14":[10],"15":[20],"16":[9],"17":[8],"18":[0],"19":[0],"20":[50],"21":[0],"22":[0,150],"23":[36],"24":[70],"25":[0],"26":[17],"27":[0],"28":[99,21],"29":[99,21],"30":[120],"31":[1,3,5,1,1,1,1],"32":[4],"33":[5,2],"34":[0],"35":[30],"36":[28],"37":[31,26],"38":[2],"39":[2],"40":[1],"41":[0],"42":[1,0],"43":[7],"44":[8,7],"45":[0],"46":[0,8],"47":[1],"48":[0],"49":[0],"50":[0],"51":[1700,0],"52":[5],"53":[4],"54":[5,4],"55":[1,4],"56":[8,0],"57":[0,8],"58":[0],"59":[0],"60":[8],"61":[0]}}
,"/Users/matthewscott/Programming/NodeJS/haveibeenpwned/src/types.d.ts": {"path":"/Users/matthewscott/Programming/NodeJS/haveibeenpwned/src/types.d.ts","statementMap":{},"fnMap":{},"branchMap":{},"s":{},"f":{},"b":{}}
}
