{"/Users/matthewscott/Programming/NodeJS/haveibeenpwned/src/cache-directory.ts": {"path":"/Users/matthewscott/Programming/NodeJS/haveibeenpwned/src/cache-directory.ts","statementMap":{"0":{"start":{"line":11,"column":19},"end":{"line":11,"column":74}},"1":{"start":{"line":12,"column":1},"end":{"line":12,"column":28}},"2":{"start":{"line":22,"column":1},"end":{"line":22,"column":49}},"3":{"start":{"line":32,"column":17},"end":{"line":32,"column":80}},"4":{"start":{"line":33,"column":1},"end":{"line":33,"column":35}},"5":{"start":{"line":41,"column":23},"end":{"line":60,"column":4}},"6":{"start":{"line":42,"column":1},"end":{"line":59,"column":2}},"7":{"start":{"line":44,"column":3},"end":{"line":44,"column":17}},"8":{"start":{"line":46,"column":3},"end":{"line":46,"column":16}},"9":{"start":{"line":55,"column":3},"end":{"line":55,"column":16}},"10":{"start":{"line":58,"column":3},"end":{"line":58,"column":16}},"11":{"start":{"line":69,"column":1},"end":{"line":71,"column":2}},"12":{"start":{"line":70,"column":2},"end":{"line":70,"column":44}},"13":{"start":{"line":72,"column":1},"end":{"line":74,"column":2}},"14":{"start":{"line":73,"column":2},"end":{"line":73,"column":40}},"15":{"start":{"line":75,"column":1},"end":{"line":77,"column":2}},"16":{"start":{"line":76,"column":2},"end":{"line":76,"column":58}},"17":{"start":{"line":79,"column":1},"end":{"line":79,"column":27}}},"fnMap":{"0":{"name":"posix","decl":{"start":{"line":10,"column":9},"end":{"line":10,"column":14}},"loc":{"start":{"line":10,"column":25},"end":{"line":13,"column":1}}},"1":{"name":"darwin","decl":{"start":{"line":21,"column":9},"end":{"line":21,"column":15}},"loc":{"start":{"line":21,"column":26},"end":{"line":23,"column":1}}},"2":{"name":"win32","decl":{"start":{"line":31,"column":9},"end":{"line":31,"column":14}},"loc":{"start":{"line":31,"column":25},"end":{"line":34,"column":1}}},"3":{"name":"(anonymous_3)","decl":{"start":{"line":41,"column":24},"end":{"line":41,"column":null}},"loc":{"start":{"line":41,"column":24},"end":{"line":60,"column":1}}},"4":{"name":"cachedir","decl":{"start":{"line":68,"column":16},"end":{"line":68,"column":24}},"loc":{"start":{"line":68,"column":35},"end":{"line":80,"column":1}}}},"branchMap":{"0":{"loc":{"start":{"line":11,"column":19},"end":{"line":11,"column":74}},"type":"binary-expr","locations":[{"start":{"line":11,"column":19},"end":{"line":11,"column":45}},{"start":{"line":11,"column":49},"end":{"line":11,"column":74}}]},"1":{"loc":{"start":{"line":32,"column":17},"end":{"line":32,"column":80}},"type":"binary-expr","locations":[{"start":{"line":32,"column":17},"end":{"line":32,"column":41}},{"start":{"line":32,"column":45},"end":{"line":32,"column":80}}]},"2":{"loc":{"start":{"line":42,"column":1},"end":{"line":59,"column":2}},"type":"switch","locations":[{"start":{"line":43,"column":2},"end":{"line":44,"column":17}},{"start":{"line":45,"column":2},"end":{"line":46,"column":16}},{"start":{"line":47,"column":2},"end":{"line":47,"column":13}},{"start":{"line":48,"column":2},"end":{"line":48,"column":17}},{"start":{"line":49,"column":2},"end":{"line":49,"column":17}},{"start":{"line":50,"column":2},"end":{"line":50,"column":15}},{"start":{"line":51,"column":2},"end":{"line":51,"column":16}},{"start":{"line":52,"column":2},"end":{"line":52,"column":17}},{"start":{"line":53,"column":2},"end":{"line":53,"column":15}},{"start":{"line":54,"column":2},"end":{"line":55,"column":16}},{"start":{"line":56,"column":2},"end":{"line":58,"column":16}}]},"3":{"loc":{"start":{"line":69,"column":1},"end":{"line":71,"column":2}},"type":"if","locations":[{"start":{"line":69,"column":1},"end":{"line":71,"column":2}}]},"4":{"loc":{"start":{"line":72,"column":1},"end":{"line":74,"column":2}},"type":"if","locations":[{"start":{"line":72,"column":1},"end":{"line":74,"column":2}}]},"5":{"loc":{"start":{"line":75,"column":1},"end":{"line":77,"column":2}},"type":"if","locations":[{"start":{"line":75,"column":1},"end":{"line":77,"column":2}}]}},"s":{"0":0,"1":0,"2":2,"3":0,"4":0,"5":2,"6":2,"7":2,"8":0,"9":0,"10":0,"11":2,"12":0,"13":2,"14":0,"15":2,"16":0,"17":2},"f":{"0":0,"1":2,"2":0,"3":2,"4":2},"b":{"0":[0,0],"1":[0,0],"2":[2,0,0,0,0,0,0,0,0,0,0],"3":[0],"4":[0],"5":[0]}}
,"/Users/matthewscott/Programming/NodeJS/haveibeenpwned/src/cache.ts": {"path":"/Users/matthewscott/Programming/NodeJS/haveibeenpwned/src/cache.ts","statementMap":{"0":{"start":{"line":14,"column":43},"end":{"line":14,"column":47}},"1":{"start":{"line":22,"column":2},"end":{"line":22,"column":23}},"2":{"start":{"line":23,"column":2},"end":{"line":23,"column":68}},"3":{"start":{"line":34,"column":15},"end":{"line":34,"column":35}},"4":{"start":{"line":35,"column":2},"end":{"line":35,"column":24}},"5":{"start":{"line":37,"column":2},"end":{"line":46,"column":3}},"6":{"start":{"line":39,"column":22},"end":{"line":39,"column":48}},"7":{"start":{"line":40,"column":3},"end":{"line":45,"column":4}},"8":{"start":{"line":41,"column":18},"end":{"line":41,"column":29}},"9":{"start":{"line":42,"column":4},"end":{"line":44,"column":5}},"10":{"start":{"line":43,"column":5},"end":{"line":43,"column":44}},"11":{"start":{"line":48,"column":2},"end":{"line":48,"column":28}},"12":{"start":{"line":58,"column":2},"end":{"line":58,"column":44}},"13":{"start":{"line":70,"column":2},"end":{"line":72,"column":3}},"14":{"start":{"line":71,"column":3},"end":{"line":71,"column":15}},"15":{"start":{"line":74,"column":2},"end":{"line":97,"column":3}},"16":{"start":{"line":75,"column":15},"end":{"line":75,"column":52}},"17":{"start":{"line":76,"column":20},"end":{"line":76,"column":46}},"18":{"start":{"line":79,"column":21},"end":{"line":79,"column":41}},"19":{"start":{"line":80,"column":3},"end":{"line":82,"column":4}},"20":{"start":{"line":81,"column":4},"end":{"line":81,"column":16}},"21":{"start":{"line":85,"column":23},"end":{"line":85,"column":55}},"22":{"start":{"line":86,"column":21},"end":{"line":86,"column":60}},"23":{"start":{"line":89,"column":3},"end":{"line":91,"column":4}},"24":{"start":{"line":90,"column":4},"end":{"line":90,"column":16}},"25":{"start":{"line":93,"column":3},"end":{"line":93,"column":25}},"26":{"start":{"line":96,"column":3},"end":{"line":96,"column":15}},"27":{"start":{"line":108,"column":2},"end":{"line":116,"column":3}},"28":{"start":{"line":109,"column":15},"end":{"line":109,"column":25}},"29":{"start":{"line":110,"column":18},"end":{"line":110,"column":33}},"30":{"start":{"line":111,"column":15},"end":{"line":111,"column":39}},"31":{"start":{"line":113,"column":3},"end":{"line":115,"column":4}},"32":{"start":{"line":114,"column":4},"end":{"line":114,"column":17}},"33":{"start":{"line":120,"column":2},"end":{"line":123,"column":3}},"34":{"start":{"line":122,"column":3},"end":{"line":122,"column":66}},"35":{"start":{"line":127,"column":2},"end":{"line":127,"column":14}},"36":{"start":{"line":136,"column":2},"end":{"line":136,"column":31}},"37":{"start":{"line":148,"column":2},"end":{"line":150,"column":3}},"38":{"start":{"line":149,"column":3},"end":{"line":149,"column":10}},"39":{"start":{"line":152,"column":2},"end":{"line":174,"column":3}},"40":{"start":{"line":153,"column":15},"end":{"line":153,"column":52}},"41":{"start":{"line":154,"column":20},"end":{"line":154,"column":46}},"42":{"start":{"line":157,"column":21},"end":{"line":157,"column":38}},"43":{"start":{"line":158,"column":3},"end":{"line":158,"column":47}},"44":{"start":{"line":161,"column":35},"end":{"line":167,"column":5}},"45":{"start":{"line":170,"column":3},"end":{"line":170,"column":64}}},"fnMap":{"0":{"name":"(anonymous_0)","decl":{"start":{"line":21,"column":1},"end":{"line":21,"column":13}},"loc":{"start":{"line":21,"column":32},"end":{"line":24,"column":2}}},"1":{"name":"(anonymous_1)","decl":{"start":{"line":33,"column":9},"end":{"line":33,"column":23}},"loc":{"start":{"line":33,"column":70},"end":{"line":49,"column":2}}},"2":{"name":"(anonymous_2)","decl":{"start":{"line":57,"column":9},"end":{"line":57,"column":25}},"loc":{"start":{"line":57,"column":37},"end":{"line":59,"column":2}}},"3":{"name":"(anonymous_3)","decl":{"start":{"line":68,"column":1},"end":{"line":68,"column":6}},"loc":{"start":{"line":68,"column":60},"end":{"line":98,"column":2}}},"4":{"name":"(anonymous_4)","decl":{"start":{"line":106,"column":9},"end":{"line":106,"column":21}},"loc":{"start":{"line":106,"column":45},"end":{"line":128,"column":2}}},"5":{"name":"(anonymous_5)","decl":{"start":{"line":135,"column":1},"end":{"line":135,"column":20}},"loc":{"start":{"line":135,"column":40},"end":{"line":137,"column":2}}},"6":{"name":"(anonymous_6)","decl":{"start":{"line":146,"column":1},"end":{"line":146,"column":6}},"loc":{"start":{"line":146,"column":80},"end":{"line":175,"column":2}}},"7":{"name":"(anonymous_7)","decl":{"start":{"line":180,"column":1},"end":{"line":180,"column":6}},"loc":{"start":{"line":180,"column":17},"end":{"line":183,"column":2}}}},"branchMap":{"0":{"loc":{"start":{"line":23,"column":18},"end":{"line":23,"column":67}},"type":"binary-expr","locations":[{"start":{"line":23,"column":18},"end":{"line":23,"column":34}},{"start":{"line":23,"column":38},"end":{"line":23,"column":67}}]},"1":{"loc":{"start":{"line":37,"column":2},"end":{"line":46,"column":3}},"type":"if","locations":[{"start":{"line":37,"column":2},"end":{"line":46,"column":3}}]},"2":{"loc":{"start":{"line":42,"column":4},"end":{"line":44,"column":5}},"type":"if","locations":[{"start":{"line":42,"column":4},"end":{"line":44,"column":5}}]},"3":{"loc":{"start":{"line":70,"column":2},"end":{"line":72,"column":3}},"type":"if","locations":[{"start":{"line":70,"column":2},"end":{"line":72,"column":3}}]},"4":{"loc":{"start":{"line":80,"column":3},"end":{"line":82,"column":4}},"type":"if","locations":[{"start":{"line":80,"column":3},"end":{"line":82,"column":4}}]},"5":{"loc":{"start":{"line":89,"column":3},"end":{"line":91,"column":4}},"type":"if","locations":[{"start":{"line":89,"column":3},"end":{"line":91,"column":4}}]},"6":{"loc":{"start":{"line":108,"column":2},"end":{"line":116,"column":3}},"type":"if","locations":[{"start":{"line":108,"column":2},"end":{"line":116,"column":3}}]},"7":{"loc":{"start":{"line":113,"column":3},"end":{"line":115,"column":4}},"type":"if","locations":[{"start":{"line":113,"column":3},"end":{"line":115,"column":4}}]},"8":{"loc":{"start":{"line":120,"column":2},"end":{"line":123,"column":3}},"type":"if","locations":[{"start":{"line":120,"column":2},"end":{"line":123,"column":3}}]},"9":{"loc":{"start":{"line":120,"column":6},"end":{"line":120,"column":61}},"type":"binary-expr","locations":[{"start":{"line":120,"column":6},"end":{"line":120,"column":27}},{"start":{"line":120,"column":31},"end":{"line":120,"column":61}}]},"10":{"loc":{"start":{"line":148,"column":2},"end":{"line":150,"column":3}},"type":"if","locations":[{"start":{"line":148,"column":2},"end":{"line":150,"column":3}}]},"11":{"loc":{"start":{"line":165,"column":28},"end":{"line":165,"column":62}},"type":"binary-expr","locations":[{"start":{"line":165,"column":28},"end":{"line":165,"column":49}},{"start":{"line":165,"column":53},"end":{"line":165,"column":62}}]}},"s":{"0":2,"1":2,"2":2,"3":0,"4":0,"5":0,"6":0,"7":0,"8":0,"9":0,"10":0,"11":0,"12":0,"13":6,"14":6,"15":0,"16":0,"17":0,"18":0,"19":0,"20":0,"21":0,"22":0,"23":0,"24":0,"25":0,"26":0,"27":0,"28":0,"29":0,"30":0,"31":0,"32":0,"33":0,"34":0,"35":0,"36":0,"37":3,"38":3,"39":0,"40":0,"41":0,"42":0,"43":0,"44":0,"45":0},"f":{"0":2,"1":0,"2":0,"3":6,"4":0,"5":0,"6":3,"7":0},"b":{"0":[2,2],"1":[0],"2":[0],"3":[6],"4":[0],"5":[0],"6":[0],"7":[0],"8":[0],"9":[0,0],"10":[3],"11":[0,0]}}
,"/Users/matthewscott/Programming/NodeJS/haveibeenpwned/src/index.ts": {"path":"/Users/matthewscott/Programming/NodeJS/haveibeenpwned/src/index.ts","statementMap":{"0":{"start":{"line":37,"column":32},"end":{"line":37,"column":54}},"1":{"start":{"line":47,"column":2},"end":{"line":47,"column":51}},"2":{"start":{"line":58,"column":2},"end":{"line":58,"column":53}},"3":{"start":{"line":87,"column":19},"end":{"line":87,"column":55}},"4":{"start":{"line":88,"column":28},"end":{"line":88,"column":61}},"5":{"start":{"line":89,"column":21},"end":{"line":89,"column":40}},"6":{"start":{"line":109,"column":2},"end":{"line":111,"column":3}},"7":{"start":{"line":110,"column":3},"end":{"line":110,"column":42}},"8":{"start":{"line":113,"column":2},"end":{"line":113,"column":23}},"9":{"start":{"line":116,"column":2},"end":{"line":118,"column":3}},"10":{"start":{"line":117,"column":3},"end":{"line":117,"column":90}},"11":{"start":{"line":120,"column":2},"end":{"line":122,"column":3}},"12":{"start":{"line":121,"column":3},"end":{"line":121,"column":126}},"13":{"start":{"line":124,"column":2},"end":{"line":124,"column":61}},"14":{"start":{"line":127,"column":35},"end":{"line":131,"column":4}},"15":{"start":{"line":132,"column":2},"end":{"line":132,"column":52}},"16":{"start":{"line":141,"column":35},"end":{"line":145,"column":4}},"17":{"start":{"line":146,"column":2},"end":{"line":146,"column":52}},"18":{"start":{"line":149,"column":2},"end":{"line":151,"column":5}},"19":{"start":{"line":150,"column":3},"end":{"line":150,"column":81}},"20":{"start":{"line":159,"column":2},"end":{"line":175,"column":3}},"21":{"start":{"line":161,"column":20},"end":{"line":163,"column":5}},"22":{"start":{"line":165,"column":24},"end":{"line":165,"column":54}},"23":{"start":{"line":167,"column":3},"end":{"line":171,"column":4}},"24":{"start":{"line":168,"column":4},"end":{"line":168,"column":66}},"25":{"start":{"line":170,"column":4},"end":{"line":170,"column":48}},"26":{"start":{"line":173,"column":3},"end":{"line":173,"column":57}},"27":{"start":{"line":174,"column":3},"end":{"line":174,"column":47}},"28":{"start":{"line":182,"column":2},"end":{"line":182,"column":39}},"29":{"start":{"line":190,"column":2},"end":{"line":192,"column":3}},"30":{"start":{"line":191,"column":3},"end":{"line":191,"column":47}},"31":{"start":{"line":193,"column":2},"end":{"line":193,"column":28}},"32":{"start":{"line":201,"column":2},"end":{"line":203,"column":3}},"33":{"start":{"line":202,"column":3},"end":{"line":202,"column":35}},"34":{"start":{"line":204,"column":2},"end":{"line":204,"column":22}},"35":{"start":{"line":212,"column":2},"end":{"line":214,"column":3}},"36":{"start":{"line":213,"column":3},"end":{"line":213,"column":31}},"37":{"start":{"line":215,"column":2},"end":{"line":215,"column":20}},"38":{"start":{"line":223,"column":2},"end":{"line":225,"column":3}},"39":{"start":{"line":224,"column":3},"end":{"line":224,"column":43}},"40":{"start":{"line":226,"column":2},"end":{"line":226,"column":26}},"41":{"start":{"line":234,"column":2},"end":{"line":236,"column":3}},"42":{"start":{"line":235,"column":3},"end":{"line":235,"column":39}},"43":{"start":{"line":237,"column":2},"end":{"line":237,"column":24}},"44":{"start":{"line":245,"column":2},"end":{"line":247,"column":3}},"45":{"start":{"line":246,"column":3},"end":{"line":246,"column":33}},"46":{"start":{"line":248,"column":2},"end":{"line":248,"column":21}},"47":{"start":{"line":256,"column":2},"end":{"line":258,"column":3}},"48":{"start":{"line":257,"column":3},"end":{"line":257,"column":41}},"49":{"start":{"line":259,"column":2},"end":{"line":259,"column":25}},"50":{"start":{"line":266,"column":2},"end":{"line":266,"column":24}},"51":{"start":{"line":273,"column":2},"end":{"line":273,"column":31}},"52":{"start":{"line":286,"column":19},"end":{"line":286,"column":23}},"53":{"start":{"line":287,"column":21},"end":{"line":287,"column":74}},"54":{"start":{"line":289,"column":2},"end":{"line":291,"column":3}},"55":{"start":{"line":290,"column":3},"end":{"line":290,"column":21}},"56":{"start":{"line":294,"column":19},"end":{"line":294,"column":59}},"57":{"start":{"line":297,"column":2},"end":{"line":299,"column":3}},"58":{"start":{"line":298,"column":3},"end":{"line":298,"column":67}},"59":{"start":{"line":301,"column":2},"end":{"line":301,"column":18}},"60":{"start":{"line":314,"column":25},"end":{"line":314,"column":68}},"61":{"start":{"line":317,"column":14},"end":{"line":317,"column":51}},"62":{"start":{"line":320,"column":2},"end":{"line":330,"column":3}},"63":{"start":{"line":321,"column":3},"end":{"line":325,"column":6}},"64":{"start":{"line":322,"column":4},"end":{"line":324,"column":5}},"65":{"start":{"line":323,"column":5},"end":{"line":323,"column":49}},"66":{"start":{"line":328,"column":39},"end":{"line":328,"column":46}},"67":{"start":{"line":329,"column":3},"end":{"line":329,"column":26}},"68":{"start":{"line":333,"column":18},"end":{"line":333,"column":31}},"69":{"start":{"line":336,"column":2},"end":{"line":336,"column":43}},"70":{"start":{"line":337,"column":2},"end":{"line":337,"column":44}},"71":{"start":{"line":340,"column":2},"end":{"line":344,"column":3}},"72":{"start":{"line":341,"column":3},"end":{"line":343,"column":6}},"73":{"start":{"line":342,"column":4},"end":{"line":342,"column":28}},"74":{"start":{"line":347,"column":36},"end":{"line":350,"column":4}},"75":{"start":{"line":352,"column":2},"end":{"line":393,"column":6}},"76":{"start":{"line":355,"column":4},"end":{"line":376,"column":5}},"77":{"start":{"line":358,"column":5},"end":{"line":360,"column":6}},"78":{"start":{"line":359,"column":6},"end":{"line":359,"column":18}},"79":{"start":{"line":363,"column":31},"end":{"line":363,"column":62}},"80":{"start":{"line":364,"column":5},"end":{"line":372,"column":6}},"81":{"start":{"line":366,"column":6},"end":{"line":368,"column":7}},"82":{"start":{"line":367,"column":7},"end":{"line":367,"column":19}},"83":{"start":{"line":371,"column":6},"end":{"line":371,"column":18}},"84":{"start":{"line":375,"column":5},"end":{"line":375,"column":40}},"85":{"start":{"line":379,"column":4},"end":{"line":392,"column":7}},"86":{"start":{"line":381,"column":5},"end":{"line":383,"column":6}},"87":{"start":{"line":382,"column":6},"end":{"line":382,"column":18}},"88":{"start":{"line":385,"column":5},"end":{"line":391,"column":6}},"89":{"start":{"line":387,"column":6},"end":{"line":387,"column":30}},"90":{"start":{"line":390,"column":6},"end":{"line":390,"column":18}},"91":{"start":{"line":402,"column":2},"end":{"line":404,"column":3}},"92":{"start":{"line":403,"column":3},"end":{"line":403,"column":10}},"93":{"start":{"line":408,"column":2},"end":{"line":429,"column":3}},"94":{"start":{"line":410,"column":4},"end":{"line":410,"column":87}},"95":{"start":{"line":411,"column":4},"end":{"line":411,"column":10}},"96":{"start":{"line":413,"column":4},"end":{"line":413,"column":52}},"97":{"start":{"line":414,"column":4},"end":{"line":414,"column":10}},"98":{"start":{"line":416,"column":4},"end":{"line":416,"column":81}},"99":{"start":{"line":417,"column":4},"end":{"line":417,"column":10}},"100":{"start":{"line":419,"column":4},"end":{"line":419,"column":74}},"101":{"start":{"line":420,"column":4},"end":{"line":420,"column":10}},"102":{"start":{"line":422,"column":4},"end":{"line":422,"column":43}},"103":{"start":{"line":423,"column":4},"end":{"line":423,"column":10}},"104":{"start":{"line":425,"column":4},"end":{"line":425,"column":83}},"105":{"start":{"line":426,"column":4},"end":{"line":426,"column":10}},"106":{"start":{"line":428,"column":4},"end":{"line":428,"column":87}},"107":{"start":{"line":431,"column":2},"end":{"line":431,"column":32}},"108":{"start":{"line":442,"column":2},"end":{"line":442,"column":51}},"109":{"start":{"line":463,"column":33},"end":{"line":463,"column":46}},"110":{"start":{"line":465,"column":19},"end":{"line":471,"column":4}},"111":{"start":{"line":473,"column":2},"end":{"line":473,"column":35}},"112":{"start":{"line":484,"column":19},"end":{"line":486,"column":4}},"113":{"start":{"line":488,"column":2},"end":{"line":488,"column":40}},"114":{"start":{"line":498,"column":19},"end":{"line":500,"column":4}},"115":{"start":{"line":502,"column":2},"end":{"line":502,"column":40}},"116":{"start":{"line":520,"column":19},"end":{"line":522,"column":4}},"117":{"start":{"line":524,"column":2},"end":{"line":524,"column":18}},"118":{"start":{"line":536,"column":46},"end":{"line":536,"column":50}},"119":{"start":{"line":550,"column":97},"end":{"line":550,"column":110}},"120":{"start":{"line":552,"column":19},"end":{"line":561,"column":4}},"121":{"start":{"line":563,"column":2},"end":{"line":563,"column":42}},"122":{"start":{"line":579,"column":2},"end":{"line":598,"column":3}},"123":{"start":{"line":581,"column":24},"end":{"line":581,"column":57}},"124":{"start":{"line":583,"column":3},"end":{"line":597,"column":4}},"125":{"start":{"line":586,"column":4},"end":{"line":593,"column":5}},"126":{"start":{"line":588,"column":22},"end":{"line":590,"column":7}},"127":{"start":{"line":592,"column":5},"end":{"line":592,"column":53}},"128":{"start":{"line":596,"column":4},"end":{"line":596,"column":54}},"129":{"start":{"line":602,"column":15},"end":{"line":602,"column":61}},"130":{"start":{"line":603,"column":19},"end":{"line":605,"column":4}},"131":{"start":{"line":608,"column":2},"end":{"line":608,"column":52}},"132":{"start":{"line":610,"column":2},"end":{"line":610,"column":50}},"133":{"start":{"line":629,"column":19},"end":{"line":631,"column":4}},"134":{"start":{"line":633,"column":2},"end":{"line":633,"column":37}},"135":{"start":{"line":644,"column":19},"end":{"line":646,"column":4}},"136":{"start":{"line":648,"column":2},"end":{"line":648,"column":37}},"137":{"start":{"line":659,"column":19},"end":{"line":661,"column":4}},"138":{"start":{"line":663,"column":2},"end":{"line":663,"column":50}},"139":{"start":{"line":682,"column":19},"end":{"line":684,"column":4}},"140":{"start":{"line":686,"column":2},"end":{"line":686,"column":41}},"141":{"start":{"line":700,"column":19},"end":{"line":702,"column":4}},"142":{"start":{"line":704,"column":2},"end":{"line":704,"column":48}},"143":{"start":{"line":713,"column":19},"end":{"line":715,"column":4}},"144":{"start":{"line":717,"column":2},"end":{"line":717,"column":49}},"145":{"start":{"line":747,"column":39},"end":{"line":747,"column":52}},"146":{"start":{"line":750,"column":2},"end":{"line":752,"column":3}},"147":{"start":{"line":751,"column":3},"end":{"line":751,"column":71}},"148":{"start":{"line":755,"column":17},"end":{"line":755,"column":59}},"149":{"start":{"line":756,"column":17},"end":{"line":756,"column":56}},"150":{"start":{"line":759,"column":22},"end":{"line":759,"column":68}},"151":{"start":{"line":762,"column":42},"end":{"line":762,"column":44}},"152":{"start":{"line":763,"column":2},"end":{"line":765,"column":3}},"153":{"start":{"line":764,"column":3},"end":{"line":764,"column":35}},"154":{"start":{"line":768,"column":19},"end":{"line":771,"column":4}},"155":{"start":{"line":774,"column":2},"end":{"line":776,"column":3}},"156":{"start":{"line":775,"column":3},"end":{"line":775,"column":12}},"157":{"start":{"line":779,"column":23},"end":{"line":779,"column":41}},"158":{"start":{"line":780,"column":16},"end":{"line":780,"column":40}},"159":{"start":{"line":783,"column":2},"end":{"line":797,"column":3}},"160":{"start":{"line":785,"column":3},"end":{"line":785,"column":30}},"161":{"start":{"line":785,"column":21},"end":{"line":785,"column":30}},"162":{"start":{"line":787,"column":34},"end":{"line":787,"column":49}},"163":{"start":{"line":790,"column":3},"end":{"line":792,"column":4}},"164":{"start":{"line":791,"column":4},"end":{"line":791,"column":13}},"165":{"start":{"line":794,"column":3},"end":{"line":796,"column":4}},"166":{"start":{"line":795,"column":4},"end":{"line":795,"column":41}},"167":{"start":{"line":800,"column":2},"end":{"line":800,"column":11}},"168":{"start":{"line":822,"column":28},"end":{"line":822,"column":41}},"169":{"start":{"line":826,"column":2},"end":{"line":833,"column":3}},"170":{"start":{"line":829,"column":3},"end":{"line":829,"column":124}},"171":{"start":{"line":832,"column":3},"end":{"line":832,"column":44}},"172":{"start":{"line":836,"column":2},"end":{"line":836,"column":43}},"173":{"start":{"line":847,"column":18},"end":{"line":847,"column":35}},"174":{"start":{"line":848,"column":15},"end":{"line":848,"column":35}},"175":{"start":{"line":851,"column":21},"end":{"line":851,"column":62}},"176":{"start":{"line":854,"column":20},"end":{"line":854,"column":58}},"177":{"start":{"line":855,"column":18},"end":{"line":855,"column":78}},"178":{"start":{"line":855,"column":37},"end":{"line":855,"column":68}},"179":{"start":{"line":857,"column":2},"end":{"line":857,"column":31}},"180":{"start":{"line":876,"column":25},"end":{"line":876,"column":68}},"181":{"start":{"line":879,"column":14},"end":{"line":879,"column":72}},"182":{"start":{"line":882,"column":2},"end":{"line":886,"column":3}},"183":{"start":{"line":883,"column":3},"end":{"line":885,"column":6}},"184":{"start":{"line":884,"column":4},"end":{"line":884,"column":40}},"185":{"start":{"line":889,"column":28},"end":{"line":891,"column":4}},"186":{"start":{"line":894,"column":2},"end":{"line":898,"column":3}},"187":{"start":{"line":895,"column":3},"end":{"line":897,"column":6}},"188":{"start":{"line":896,"column":4},"end":{"line":896,"column":38}},"189":{"start":{"line":901,"column":19},"end":{"line":904,"column":4}},"190":{"start":{"line":907,"column":2},"end":{"line":915,"column":3}},"191":{"start":{"line":909,"column":3},"end":{"line":911,"column":4}},"192":{"start":{"line":910,"column":4},"end":{"line":910,"column":14}},"193":{"start":{"line":914,"column":3},"end":{"line":914,"column":94}},"194":{"start":{"line":918,"column":2},"end":{"line":918,"column":25}}},"fnMap":{"0":{"name":"(anonymous_0)","decl":{"start":{"line":37,"column":1},"end":{"line":37,"column":32}},"loc":{"start":{"line":37,"column":54},"end":{"line":37,"column":58}}},"1":{"name":"(anonymous_1)","decl":{"start":{"line":46,"column":11},"end":{"line":46,"column":16}},"loc":{"start":{"line":46,"column":74},"end":{"line":48,"column":2}}},"2":{"name":"(anonymous_2)","decl":{"start":{"line":57,"column":11},"end":{"line":57,"column":16}},"loc":{"start":{"line":57,"column":97},"end":{"line":59,"column":2}}},"3":{"name":"(anonymous_3)","decl":{"start":{"line":108,"column":1},"end":{"line":108,"column":13}},"loc":{"start":{"line":108,"column":60},"end":{"line":133,"column":2}}},"4":{"name":"(anonymous_4)","decl":{"start":{"line":140,"column":1},"end":{"line":140,"column":17}},"loc":{"start":{"line":140,"column":39},"end":{"line":152,"column":2}}},"5":{"name":"(anonymous_5)","decl":{"start":{"line":149,"column":33},"end":{"line":149,"column":36}},"loc":{"start":{"line":149,"column":39},"end":{"line":151,"column":3}}},"6":{"name":"(anonymous_6)","decl":{"start":{"line":158,"column":9},"end":{"line":158,"column":14}},"loc":{"start":{"line":158,"column":32},"end":{"line":176,"column":2}}},"7":{"name":"(anonymous_7)","decl":{"start":{"line":181,"column":1},"end":{"line":181,"column":6}},"loc":{"start":{"line":181,"column":17},"end":{"line":183,"column":2}}},"8":{"name":"(anonymous_8)","decl":{"start":{"line":189,"column":1},"end":{"line":189,"column":5}},"loc":{"start":{"line":189,"column":17},"end":{"line":194,"column":2}}},"9":{"name":"(anonymous_9)","decl":{"start":{"line":200,"column":1},"end":{"line":200,"column":5}},"loc":{"start":{"line":200,"column":11},"end":{"line":205,"column":2}}},"10":{"name":"(anonymous_10)","decl":{"start":{"line":211,"column":1},"end":{"line":211,"column":5}},"loc":{"start":{"line":211,"column":9},"end":{"line":216,"column":2}}},"11":{"name":"(anonymous_11)","decl":{"start":{"line":222,"column":1},"end":{"line":222,"column":5}},"loc":{"start":{"line":222,"column":15},"end":{"line":227,"column":2}}},"12":{"name":"(anonymous_12)","decl":{"start":{"line":233,"column":1},"end":{"line":233,"column":5}},"loc":{"start":{"line":233,"column":13},"end":{"line":238,"column":2}}},"13":{"name":"(anonymous_13)","decl":{"start":{"line":244,"column":1},"end":{"line":244,"column":5}},"loc":{"start":{"line":244,"column":10},"end":{"line":249,"column":2}}},"14":{"name":"(anonymous_14)","decl":{"start":{"line":255,"column":1},"end":{"line":255,"column":5}},"loc":{"start":{"line":255,"column":14},"end":{"line":260,"column":2}}},"15":{"name":"(anonymous_15)","decl":{"start":{"line":265,"column":1},"end":{"line":265,"column":13}},"loc":{"start":{"line":265,"column":13},"end":{"line":267,"column":2}}},"16":{"name":"(anonymous_16)","decl":{"start":{"line":272,"column":1},"end":{"line":272,"column":20}},"loc":{"start":{"line":272,"column":20},"end":{"line":274,"column":2}}},"17":{"name":"(anonymous_17)","decl":{"start":{"line":284,"column":1},"end":{"line":284,"column":6}},"loc":{"start":{"line":284,"column":57},"end":{"line":302,"column":2}}},"18":{"name":"(anonymous_18)","decl":{"start":{"line":312,"column":1},"end":{"line":312,"column":15}},"loc":{"start":{"line":312,"column":58},"end":{"line":394,"column":2}}},"19":{"name":"(anonymous_19)","decl":{"start":{"line":321,"column":42},"end":{"line":321,"column":43}},"loc":{"start":{"line":321,"column":59},"end":{"line":325,"column":4}}},"20":{"name":"(anonymous_20)","decl":{"start":{"line":341,"column":43},"end":{"line":341,"column":44}},"loc":{"start":{"line":341,"column":60},"end":{"line":343,"column":4}}},"21":{"name":"(anonymous_21)","decl":{"start":{"line":353,"column":9},"end":{"line":353,"column":17}},"loc":{"start":{"line":353,"column":20},"end":{"line":393,"column":4}}},"22":{"name":"(anonymous_22)","decl":{"start":{"line":379,"column":32},"end":{"line":379,"column":36}},"loc":{"start":{"line":379,"column":39},"end":{"line":392,"column":5}}},"23":{"name":"(anonymous_23)","decl":{"start":{"line":401,"column":9},"end":{"line":401,"column":28}},"loc":{"start":{"line":401,"column":47},"end":{"line":432,"column":2}}},"24":{"name":"(anonymous_24)","decl":{"start":{"line":441,"column":1},"end":{"line":441,"column":12}},"loc":{"start":{"line":441,"column":81},"end":{"line":443,"column":2}}},"25":{"name":"(anonymous_25)","decl":{"start":{"line":462,"column":1},"end":{"line":462,"column":6}},"loc":{"start":{"line":462,"column":37},"end":{"line":474,"column":2}}},"26":{"name":"(anonymous_26)","decl":{"start":{"line":483,"column":1},"end":{"line":483,"column":6}},"loc":{"start":{"line":483,"column":24},"end":{"line":489,"column":2}}},"27":{"name":"(anonymous_27)","decl":{"start":{"line":497,"column":1},"end":{"line":497,"column":6}},"loc":{"start":{"line":497,"column":13},"end":{"line":503,"column":2}}},"28":{"name":"(anonymous_28)","decl":{"start":{"line":519,"column":1},"end":{"line":519,"column":6}},"loc":{"start":{"line":519,"column":14},"end":{"line":525,"column":2}}},"29":{"name":"(anonymous_29)","decl":{"start":{"line":549,"column":1},"end":{"line":549,"column":6}},"loc":{"start":{"line":549,"column":72},"end":{"line":564,"column":2}}},"30":{"name":"(anonymous_30)","decl":{"start":{"line":574,"column":1},"end":{"line":574,"column":6}},"loc":{"start":{"line":574,"column":48},"end":{"line":611,"column":2}}},"31":{"name":"(anonymous_31)","decl":{"start":{"line":628,"column":1},"end":{"line":628,"column":6}},"loc":{"start":{"line":628,"column":26},"end":{"line":634,"column":2}}},"32":{"name":"(anonymous_32)","decl":{"start":{"line":643,"column":1},"end":{"line":643,"column":6}},"loc":{"start":{"line":643,"column":29},"end":{"line":649,"column":2}}},"33":{"name":"(anonymous_33)","decl":{"start":{"line":658,"column":1},"end":{"line":658,"column":6}},"loc":{"start":{"line":658,"column":33},"end":{"line":664,"column":2}}},"34":{"name":"(anonymous_34)","decl":{"start":{"line":681,"column":1},"end":{"line":681,"column":6}},"loc":{"start":{"line":681,"column":28},"end":{"line":687,"column":2}}},"35":{"name":"(anonymous_35)","decl":{"start":{"line":699,"column":1},"end":{"line":699,"column":6}},"loc":{"start":{"line":699,"column":13},"end":{"line":705,"column":2}}},"36":{"name":"(anonymous_36)","decl":{"start":{"line":712,"column":1},"end":{"line":712,"column":6}},"loc":{"start":{"line":712,"column":14},"end":{"line":718,"column":2}}},"37":{"name":"(anonymous_37)","decl":{"start":{"line":740,"column":1},"end":{"line":740,"column":6}},"loc":{"start":{"line":745,"column":3},"end":{"line":801,"column":2}}},"38":{"name":"(anonymous_38)","decl":{"start":{"line":815,"column":1},"end":{"line":815,"column":6}},"loc":{"start":{"line":820,"column":3},"end":{"line":837,"column":2}}},"39":{"name":"(anonymous_39)","decl":{"start":{"line":845,"column":9},"end":{"line":845,"column":14}},"loc":{"start":{"line":845,"column":32},"end":{"line":858,"column":2}}},"40":{"name":"(anonymous_40)","decl":{"start":{"line":855,"column":32},"end":{"line":855,"column":33}},"loc":{"start":{"line":855,"column":37},"end":{"line":855,"column":68}}},"41":{"name":"(anonymous_41)","decl":{"start":{"line":868,"column":9},"end":{"line":868,"column":14}},"loc":{"start":{"line":873,"column":3},"end":{"line":919,"column":2}}},"42":{"name":"(anonymous_42)","decl":{"start":{"line":883,"column":47},"end":{"line":883,"column":48}},"loc":{"start":{"line":883,"column":64},"end":{"line":885,"column":4}}},"43":{"name":"(anonymous_43)","decl":{"start":{"line":895,"column":43},"end":{"line":895,"column":44}},"loc":{"start":{"line":895,"column":60},"end":{"line":897,"column":4}}}},"branchMap":{"0":{"loc":{"start":{"line":46,"column":46},"end":{"line":46,"column":74}},"type":"default-arg","locations":[{"start":{"line":46,"column":72},"end":{"line":46,"column":74}}]},"1":{"loc":{"start":{"line":109,"column":2},"end":{"line":111,"column":3}},"type":"if","locations":[{"start":{"line":109,"column":2},"end":{"line":111,"column":3}}]},"2":{"loc":{"start":{"line":116,"column":2},"end":{"line":118,"column":3}},"type":"if","locations":[{"start":{"line":116,"column":2},"end":{"line":118,"column":3}}]},"3":{"loc":{"start":{"line":117,"column":18},"end":{"line":117,"column":89}},"type":"cond-expr","locations":[{"start":{"line":117,"column":50},"end":{"line":117,"column":65}},{"start":{"line":117,"column":68},"end":{"line":117,"column":89}}]},"4":{"loc":{"start":{"line":120,"column":2},"end":{"line":122,"column":3}},"type":"if","locations":[{"start":{"line":120,"column":2},"end":{"line":122,"column":3}}]},"5":{"loc":{"start":{"line":121,"column":27},"end":{"line":121,"column":125}},"type":"cond-expr","locations":[{"start":{"line":121,"column":68},"end":{"line":121,"column":92}},{"start":{"line":121,"column":95},"end":{"line":121,"column":125}}]},"6":{"loc":{"start":{"line":124,"column":19},"end":{"line":124,"column":60}},"type":"binary-expr","locations":[{"start":{"line":124,"column":19},"end":{"line":124,"column":37}},{"start":{"line":124,"column":41},"end":{"line":124,"column":60}}]},"7":{"loc":{"start":{"line":128,"column":12},"end":{"line":128,"column":43}},"type":"binary-expr","locations":[{"start":{"line":128,"column":12},"end":{"line":128,"column":35}},{"start":{"line":128,"column":39},"end":{"line":128,"column":43}}]},"8":{"loc":{"start":{"line":142,"column":12},"end":{"line":142,"column":35}},"type":"binary-expr","locations":[{"start":{"line":142,"column":12},"end":{"line":142,"column":27}},{"start":{"line":142,"column":31},"end":{"line":142,"column":35}}]},"9":{"loc":{"start":{"line":167,"column":3},"end":{"line":171,"column":4}},"type":"if","locations":[{"start":{"line":167,"column":3},"end":{"line":171,"column":4}},{"start":{"line":169,"column":10},"end":{"line":171,"column":4}}]},"10":{"loc":{"start":{"line":167,"column":7},"end":{"line":167,"column":45}},"type":"binary-expr","locations":[{"start":{"line":167,"column":7},"end":{"line":167,"column":19}},{"start":{"line":167,"column":23},"end":{"line":167,"column":45}}]},"11":{"loc":{"start":{"line":190,"column":2},"end":{"line":192,"column":3}},"type":"if","locations":[{"start":{"line":190,"column":2},"end":{"line":192,"column":3}}]},"12":{"loc":{"start":{"line":201,"column":2},"end":{"line":203,"column":3}},"type":"if","locations":[{"start":{"line":201,"column":2},"end":{"line":203,"column":3}}]},"13":{"loc":{"start":{"line":212,"column":2},"end":{"line":214,"column":3}},"type":"if","locations":[{"start":{"line":212,"column":2},"end":{"line":214,"column":3}}]},"14":{"loc":{"start":{"line":223,"column":2},"end":{"line":225,"column":3}},"type":"if","locations":[{"start":{"line":223,"column":2},"end":{"line":225,"column":3}}]},"15":{"loc":{"start":{"line":234,"column":2},"end":{"line":236,"column":3}},"type":"if","locations":[{"start":{"line":234,"column":2},"end":{"line":236,"column":3}}]},"16":{"loc":{"start":{"line":245,"column":2},"end":{"line":247,"column":3}},"type":"if","locations":[{"start":{"line":245,"column":2},"end":{"line":247,"column":3}}]},"17":{"loc":{"start":{"line":256,"column":2},"end":{"line":258,"column":3}},"type":"if","locations":[{"start":{"line":256,"column":2},"end":{"line":258,"column":3}}]},"18":{"loc":{"start":{"line":284,"column":29},"end":{"line":284,"column":57}},"type":"default-arg","locations":[{"start":{"line":284,"column":55},"end":{"line":284,"column":57}}]},"19":{"loc":{"start":{"line":289,"column":2},"end":{"line":291,"column":3}},"type":"if","locations":[{"start":{"line":289,"column":2},"end":{"line":291,"column":3}}]},"20":{"loc":{"start":{"line":297,"column":2},"end":{"line":299,"column":3}},"type":"if","locations":[{"start":{"line":297,"column":2},"end":{"line":299,"column":3}}]},"21":{"loc":{"start":{"line":312,"column":30},"end":{"line":312,"column":58}},"type":"default-arg","locations":[{"start":{"line":312,"column":56},"end":{"line":312,"column":58}}]},"22":{"loc":{"start":{"line":314,"column":25},"end":{"line":314,"column":68}},"type":"cond-expr","locations":[{"start":{"line":314,"column":48},"end":{"line":314,"column":61}},{"start":{"line":314,"column":64},"end":{"line":314,"column":68}}]},"23":{"loc":{"start":{"line":320,"column":2},"end":{"line":330,"column":3}},"type":"if","locations":[{"start":{"line":320,"column":2},"end":{"line":330,"column":3}}]},"24":{"loc":{"start":{"line":322,"column":4},"end":{"line":324,"column":5}},"type":"if","locations":[{"start":{"line":322,"column":4},"end":{"line":324,"column":5}}]},"25":{"loc":{"start":{"line":340,"column":2},"end":{"line":344,"column":3}},"type":"if","locations":[{"start":{"line":340,"column":2},"end":{"line":344,"column":3}}]},"26":{"loc":{"start":{"line":355,"column":4},"end":{"line":376,"column":5}},"type":"if","locations":[{"start":{"line":355,"column":4},"end":{"line":376,"column":5}}]},"27":{"loc":{"start":{"line":358,"column":5},"end":{"line":360,"column":6}},"type":"if","locations":[{"start":{"line":358,"column":5},"end":{"line":360,"column":6}}]},"28":{"loc":{"start":{"line":363,"column":31},"end":{"line":363,"column":62}},"type":"binary-expr","locations":[{"start":{"line":363,"column":31},"end":{"line":363,"column":56}},{"start":{"line":363,"column":60},"end":{"line":363,"column":62}}]},"29":{"loc":{"start":{"line":364,"column":5},"end":{"line":372,"column":6}},"type":"if","locations":[{"start":{"line":364,"column":5},"end":{"line":372,"column":6}}]},"30":{"loc":{"start":{"line":366,"column":6},"end":{"line":368,"column":7}},"type":"if","locations":[{"start":{"line":366,"column":6},"end":{"line":368,"column":7}}]},"31":{"loc":{"start":{"line":381,"column":5},"end":{"line":383,"column":6}},"type":"if","locations":[{"start":{"line":381,"column":5},"end":{"line":383,"column":6}}]},"32":{"loc":{"start":{"line":381,"column":9},"end":{"line":381,"column":36}},"type":"binary-expr","locations":[{"start":{"line":381,"column":9},"end":{"line":381,"column":14}},{"start":{"line":381,"column":18},"end":{"line":381,"column":36}}]},"33":{"loc":{"start":{"line":402,"column":2},"end":{"line":404,"column":3}},"type":"if","locations":[{"start":{"line":402,"column":2},"end":{"line":404,"column":3}}]},"34":{"loc":{"start":{"line":408,"column":2},"end":{"line":429,"column":3}},"type":"switch","locations":[{"start":{"line":409,"column":3},"end":{"line":411,"column":10}},{"start":{"line":412,"column":3},"end":{"line":414,"column":10}},{"start":{"line":415,"column":3},"end":{"line":417,"column":10}},{"start":{"line":418,"column":3},"end":{"line":420,"column":10}},{"start":{"line":421,"column":3},"end":{"line":423,"column":10}},{"start":{"line":424,"column":3},"end":{"line":426,"column":10}},{"start":{"line":427,"column":3},"end":{"line":428,"column":87}}]},"35":{"loc":{"start":{"line":463,"column":33},"end":{"line":463,"column":46}},"type":"binary-expr","locations":[{"start":{"line":463,"column":33},"end":{"line":463,"column":40}},{"start":{"line":463,"column":44},"end":{"line":463,"column":46}}]},"36":{"loc":{"start":{"line":549,"column":15},"end":{"line":549,"column":38}},"type":"default-arg","locations":[{"start":{"line":549,"column":33},"end":{"line":549,"column":38}}]},"37":{"loc":{"start":{"line":550,"column":10},"end":{"line":550,"column":33}},"type":"default-arg","locations":[{"start":{"line":550,"column":29},"end":{"line":550,"column":33}}]},"38":{"loc":{"start":{"line":550,"column":43},"end":{"line":550,"column":68}},"type":"default-arg","locations":[{"start":{"line":550,"column":63},"end":{"line":550,"column":68}}]},"39":{"loc":{"start":{"line":550,"column":70},"end":{"line":550,"column":92}},"type":"default-arg","locations":[{"start":{"line":550,"column":87},"end":{"line":550,"column":92}}]},"40":{"loc":{"start":{"line":550,"column":97},"end":{"line":550,"column":110}},"type":"binary-expr","locations":[{"start":{"line":550,"column":97},"end":{"line":550,"column":104}},{"start":{"line":550,"column":108},"end":{"line":550,"column":110}}]},"41":{"loc":{"start":{"line":574,"column":30},"end":{"line":574,"column":48}},"type":"default-arg","locations":[{"start":{"line":574,"column":43},"end":{"line":574,"column":48}}]},"42":{"loc":{"start":{"line":579,"column":2},"end":{"line":598,"column":3}},"type":"if","locations":[{"start":{"line":579,"column":2},"end":{"line":598,"column":3}}]},"43":{"loc":{"start":{"line":583,"column":3},"end":{"line":597,"column":4}},"type":"if","locations":[{"start":{"line":583,"column":3},"end":{"line":597,"column":4}}]},"44":{"loc":{"start":{"line":586,"column":4},"end":{"line":593,"column":5}},"type":"if","locations":[{"start":{"line":586,"column":4},"end":{"line":593,"column":5}}]},"45":{"loc":{"start":{"line":586,"column":8},"end":{"line":586,"column":86}},"type":"binary-expr","locations":[{"start":{"line":586,"column":8},"end":{"line":586,"column":32}},{"start":{"line":586,"column":36},"end":{"line":586,"column":86}}]},"46":{"loc":{"start":{"line":747,"column":10},"end":{"line":747,"column":28}},"type":"default-arg","locations":[{"start":{"line":747,"column":23},"end":{"line":747,"column":28}}]},"47":{"loc":{"start":{"line":747,"column":39},"end":{"line":747,"column":52}},"type":"binary-expr","locations":[{"start":{"line":747,"column":39},"end":{"line":747,"column":46}},{"start":{"line":747,"column":50},"end":{"line":747,"column":52}}]},"48":{"loc":{"start":{"line":750,"column":2},"end":{"line":752,"column":3}},"type":"if","locations":[{"start":{"line":750,"column":2},"end":{"line":752,"column":3}}]},"49":{"loc":{"start":{"line":759,"column":22},"end":{"line":759,"column":68}},"type":"cond-expr","locations":[{"start":{"line":759,"column":40},"end":{"line":759,"column":56}},{"start":{"line":759,"column":59},"end":{"line":759,"column":68}}]},"50":{"loc":{"start":{"line":763,"column":2},"end":{"line":765,"column":3}},"type":"if","locations":[{"start":{"line":763,"column":2},"end":{"line":765,"column":3}}]},"51":{"loc":{"start":{"line":774,"column":2},"end":{"line":776,"column":3}},"type":"if","locations":[{"start":{"line":774,"column":2},"end":{"line":776,"column":3}}]},"52":{"loc":{"start":{"line":785,"column":3},"end":{"line":785,"column":30}},"type":"if","locations":[{"start":{"line":785,"column":3},"end":{"line":785,"column":30}}]},"53":{"loc":{"start":{"line":790,"column":3},"end":{"line":792,"column":4}},"type":"if","locations":[{"start":{"line":790,"column":3},"end":{"line":792,"column":4}}]},"54":{"loc":{"start":{"line":790,"column":7},"end":{"line":790,"column":44}},"type":"binary-expr","locations":[{"start":{"line":790,"column":7},"end":{"line":790,"column":30}},{"start":{"line":790,"column":34},"end":{"line":790,"column":44}}]},"55":{"loc":{"start":{"line":794,"column":3},"end":{"line":796,"column":4}},"type":"if","locations":[{"start":{"line":794,"column":3},"end":{"line":796,"column":4}}]},"56":{"loc":{"start":{"line":822,"column":10},"end":{"line":822,"column":23}},"type":"default-arg","locations":[{"start":{"line":822,"column":17},"end":{"line":822,"column":23}}]},"57":{"loc":{"start":{"line":822,"column":28},"end":{"line":822,"column":41}},"type":"binary-expr","locations":[{"start":{"line":822,"column":28},"end":{"line":822,"column":35}},{"start":{"line":822,"column":39},"end":{"line":822,"column":41}}]},"58":{"loc":{"start":{"line":826,"column":2},"end":{"line":833,"column":3}},"type":"if","locations":[{"start":{"line":826,"column":2},"end":{"line":833,"column":3}},{"start":{"line":830,"column":9},"end":{"line":833,"column":3}}]},"59":{"loc":{"start":{"line":876,"column":25},"end":{"line":876,"column":68}},"type":"cond-expr","locations":[{"start":{"line":876,"column":48},"end":{"line":876,"column":61}},{"start":{"line":876,"column":64},"end":{"line":876,"column":68}}]},"60":{"loc":{"start":{"line":882,"column":2},"end":{"line":886,"column":3}},"type":"if","locations":[{"start":{"line":882,"column":2},"end":{"line":886,"column":3}}]},"61":{"loc":{"start":{"line":894,"column":2},"end":{"line":898,"column":3}},"type":"if","locations":[{"start":{"line":894,"column":2},"end":{"line":898,"column":3}}]},"62":{"loc":{"start":{"line":907,"column":2},"end":{"line":915,"column":3}},"type":"if","locations":[{"start":{"line":907,"column":2},"end":{"line":915,"column":3}}]},"63":{"loc":{"start":{"line":909,"column":3},"end":{"line":911,"column":4}},"type":"if","locations":[{"start":{"line":909,"column":3},"end":{"line":911,"column":4}}]}},"s":{"0":2,"1":0,"2":0,"3":2,"4":2,"5":2,"6":2,"7":0,"8":2,"9":2,"10":0,"11":2,"12":0,"13":2,"14":2,"15":2,"16":0,"17":0,"18":0,"19":0,"20":0,"21":0,"22":0,"23":0,"24":0,"25":0,"26":0,"27":0,"28":0,"29":0,"30":0,"31":0,"32":1,"33":1,"34":1,"35":0,"36":0,"37":0,"38":0,"39":0,"40":0,"41":5,"42":1,"43":5,"44":0,"45":0,"46":0,"47":0,"48":0,"49":0,"50":0,"51":0,"52":6,"53":6,"54":6,"55":0,"56":6,"57":6,"58":3,"59":6,"60":6,"61":6,"62":6,"63":6,"64":22,"65":17,"66":6,"67":6,"68":6,"69":6,"70":6,"71":6,"72":0,"73":0,"74":6,"75":6,"76":6,"77":3,"78":3,"79":0,"80":0,"81":0,"82":0,"83":0,"84":0,"85":3,"86":3,"87":0,"88":3,"89":3,"90":0,"91":0,"92":0,"93":0,"94":0,"95":0,"96":0,"97":0,"98":0,"99":0,"100":0,"101":0,"102":0,"103":0,"104":0,"105":0,"106":0,"107":0,"108":0,"109":1,"110":1,"111":1,"112":0,"113":0,"114":0,"115":0,"116":0,"117":0,"118":1,"119":5,"120":5,"121":5,"122":0,"123":0,"124":0,"125":0,"126":0,"127":0,"128":0,"129":0,"130":0,"131":0,"132":0,"133":0,"134":0,"135":0,"136":0,"137":0,"138":0,"139":0,"140":0,"141":0,"142":0,"143":0,"144":0,"145":0,"146":0,"147":0,"148":0,"149":0,"150":0,"151":0,"152":0,"153":0,"154":0,"155":0,"156":0,"157":0,"158":0,"159":0,"160":0,"161":0,"162":0,"163":0,"164":0,"165":0,"166":0,"167":0,"168":0,"169":0,"170":0,"171":0,"172":0,"173":0,"174":0,"175":0,"176":0,"177":0,"178":0,"179":0,"180":0,"181":0,"182":0,"183":0,"184":0,"185":0,"186":0,"187":0,"188":0,"189":0,"190":0,"191":0,"192":0,"193":0,"194":0},"f":{"0":2,"1":0,"2":0,"3":2,"4":0,"5":0,"6":0,"7":0,"8":0,"9":1,"10":0,"11":0,"12":5,"13":0,"14":0,"15":0,"16":0,"17":6,"18":6,"19":22,"20":0,"21":6,"22":3,"23":0,"24":0,"25":1,"26":0,"27":0,"28":0,"29":5,"30":0,"31":0,"32":0,"33":0,"34":0,"35":0,"36":0,"37":0,"38":0,"39":0,"40":0,"41":0,"42":0,"43":0},"b":{"0":[0],"1":[0],"2":[0],"3":[0,0],"4":[0],"5":[0,0],"6":[2,2],"7":[2,0],"8":[0,0],"9":[0,0],"10":[0,0],"11":[0],"12":[1],"13":[0],"14":[0],"15":[1],"16":[0],"17":[0],"18":[0],"19":[0],"20":[3],"21":[0],"22":[0,6],"23":[6],"24":[17],"25":[0],"26":[3],"27":[3],"28":[0,0],"29":[0],"30":[0],"31":[0],"32":[3,3],"33":[0],"34":[0,0,0,0,0,0,0],"35":[1,1],"36":[0],"37":[5],"38":[5],"39":[3],"40":[5,3],"41":[0],"42":[0],"43":[0],"44":[0],"45":[0,0],"46":[0],"47":[0,0],"48":[0],"49":[0,0],"50":[0],"51":[0],"52":[0],"53":[0],"54":[0,0],"55":[0],"56":[0],"57":[0,0],"58":[0,0],"59":[0,0],"60":[0],"61":[0],"62":[0],"63":[0]}}
,"/Users/matthewscott/Programming/NodeJS/haveibeenpwned/src/types.d.ts": {"path":"/Users/matthewscott/Programming/NodeJS/haveibeenpwned/src/types.d.ts","statementMap":{},"fnMap":{},"branchMap":{},"s":{},"f":{},"b":{}}
}
