TN:
SF:src/cache-directory.ts
FN:7,posix
FN:15,darwin
FN:22,win32
FN:30,(anonymous_3)
FN:55,cachedir
FNF:5
FNH:5
FNDA:3,posix
FNDA:72,darwin
FNDA:2,win32
FNDA:18,(anonymous_3)
FNDA:88,cachedir
DA:8,3
DA:9,3
DA:16,72
DA:23,2
DA:24,2
DA:30,18
DA:31,18
DA:33,13
DA:35,2
DA:43,2
DA:45,1
DA:48,1
DA:56,88
DA:57,1
DA:59,87
DA:60,1
DA:62,86
DA:63,9
DA:66,77
LF:19
LH:19
BRDA:8,0,0,3
BRDA:8,0,1,2
BRDA:23,1,0,2
BRDA:23,1,1,1
BRDA:31,2,0,13
BRDA:31,2,1,2
BRDA:31,2,2,0
BRDA:31,2,3,0
BRDA:31,2,4,0
BRDA:31,2,5,2
BRDA:31,2,6,2
BRDA:31,2,7,2
BRDA:31,2,8,2
BRDA:31,2,9,1
BRDA:56,3,0,1
BRDA:59,4,0,1
BRDA:62,5,0,9
BRF:17
BRH:14
end_of_record
TN:
SF:src/cache.ts
FN:19,(anonymous_0)
FN:30,(anonymous_1)
FN:53,(anonymous_2)
FN:66,(anonymous_3)
FN:95,(anonymous_4)
FN:118,(anonymous_5)
FN:128,(anonymous_6)
FN:158,(anonymous_7)
FNF:8
FNH:5
FNDA:72,(anonymous_0)
FNDA:0,(anonymous_1)
FNDA:0,(anonymous_2)
FNDA:79,(anonymous_3)
FNDA:0,(anonymous_4)
FNDA:68,(anonymous_5)
FNDA:53,(anonymous_6)
FNDA:2,(anonymous_7)
DA:13,72
DA:20,72
DA:21,72
DA:31,0
DA:32,0
DA:34,0
DA:36,0
DA:37,0
DA:38,0
DA:39,0
DA:40,0
DA:45,0
DA:56,0
DA:57,0
DA:67,79
DA:68,79
DA:71,0
DA:72,0
DA:73,0
DA:75,0
DA:76,0
DA:79,0
DA:80,0
DA:83,0
DA:86,0
DA:97,0
DA:98,0
DA:99,0
DA:100,0
DA:104,0
DA:105,0
DA:109,0
DA:110,0
DA:111,0
DA:119,68
DA:129,53
DA:130,53
DA:133,0
DA:134,0
DA:135,0
DA:138,0
DA:140,0
DA:148,0
DA:151,0
DA:162,2
LF:45
LH:9
BRDA:21,0,0,72
BRDA:21,0,1,71
BRDA:34,1,0,0
BRDA:39,2,0,0
BRDA:67,3,0,79
BRDA:79,4,0,0
BRDA:97,5,0,0
BRDA:104,6,0,0
BRDA:104,7,0,0
BRDA:104,7,1,0
BRDA:129,8,0,53
BRDA:144,9,0,0
BRDA:144,9,1,0
BRF:13
BRH:4
end_of_record
TN:
SF:src/index.ts
FN:31,(anonymous_0)
FN:36,(anonymous_1)
FN:43,(anonymous_2)
FN:92,(anonymous_3)
FN:119,(anonymous_4)
FN:128,(anonymous_5)
FN:137,(anonymous_6)
FN:146,(anonymous_7)
FN:169,(anonymous_8)
FN:176,(anonymous_9)
FN:183,(anonymous_10)
FN:190,(anonymous_11)
FN:197,(anonymous_12)
FN:204,(anonymous_13)
FN:211,(anonymous_14)
FN:221,(anonymous_15)
FN:231,(anonymous_16)
FN:238,(anonymous_17)
FN:248,(anonymous_18)
FN:280,(anonymous_19)
FN:289,(anonymous_20)
FN:311,(anonymous_21)
FN:331,(anonymous_22)
FN:352,(anonymous_23)
FN:370,(anonymous_24)
FN:410,(anonymous_25)
FN:422,(anonymous_26)
FN:442,(anonymous_27)
FN:458,(anonymous_28)
FN:468,(anonymous_29)
FN:492,(anonymous_30)
FN:515,(anonymous_31)
FN:569,(anonymous_32)
FN:583,(anonymous_33)
FN:597,(anonymous_34)
FN:617,(anonymous_35)
FN:635,(anonymous_36)
FN:648,(anonymous_37)
FN:671,(anonymous_38)
FN:743,(anonymous_39)
FN:773,(anonymous_40)
FN:783,(anonymous_41)
FN:796,(anonymous_42)
FN:813,(anonymous_43)
FN:829,(anonymous_44)
FNF:45
FNH:41
FNDA:72,(anonymous_0)
FNDA:3,(anonymous_1)
FNDA:3,(anonymous_2)
FNDA:68,(anonymous_3)
FNDA:0,(anonymous_4)
FNDA:1,(anonymous_5)
FNDA:0,(anonymous_6)
FNDA:68,(anonymous_7)
FNDA:1,(anonymous_8)
FNDA:10,(anonymous_9)
FNDA:19,(anonymous_10)
FNDA:7,(anonymous_11)
FNDA:14,(anonymous_12)
FNDA:37,(anonymous_13)
FNDA:13,(anonymous_14)
FNDA:15,(anonymous_15)
FNDA:10,(anonymous_16)
FNDA:9,(anonymous_17)
FNDA:79,(anonymous_18)
FNDA:150,(anonymous_19)
FNDA:103,(anonymous_20)
FNDA:0,(anonymous_21)
FNDA:150,(anonymous_22)
FNDA:120,(anonymous_23)
FNDA:133,(anonymous_24)
FNDA:3,(anonymous_25)
FNDA:5,(anonymous_26)
FNDA:6,(anonymous_27)
FNDA:5,(anonymous_28)
FNDA:4,(anonymous_29)
FNDA:31,(anonymous_30)
FNDA:3,(anonymous_31)
FNDA:6,(anonymous_32)
FNDA:2,(anonymous_33)
FNDA:3,(anonymous_34)
FNDA:10,(anonymous_35)
FNDA:3,(anonymous_36)
FNDA:4,(anonymous_37)
FNDA:8,(anonymous_38)
FNDA:5,(anonymous_39)
FNDA:3,(anonymous_40)
FNDA:60,(anonymous_41)
FNDA:8,(anonymous_42)
FNDA:0,(anonymous_43)
FNDA:1,(anonymous_44)
DA:31,72
DA:37,3
DA:44,3
DA:73,68
DA:74,68
DA:75,68
DA:93,68
DA:94,1
DA:97,67
DA:100,67
DA:101,1
DA:104,67
DA:105,1
DA:108,67
DA:111,67
DA:116,67
DA:119,67
DA:120,0
DA:129,1
DA:134,1
DA:137,1
DA:138,0
DA:147,68
DA:149,68
DA:153,68
DA:155,68
DA:156,13
DA:158,55
DA:161,0
DA:162,0
DA:170,1
DA:177,10
DA:178,7
DA:180,10
DA:184,19
DA:185,13
DA:187,19
DA:191,7
DA:192,5
DA:194,7
DA:198,14
DA:199,10
DA:201,14
DA:205,37
DA:206,20
DA:208,37
DA:212,13
DA:213,9
DA:215,13
DA:222,15
DA:223,8
DA:225,15
DA:232,10
DA:239,9
DA:250,79
DA:251,79
DA:252,79
DA:254,79
DA:255,0
DA:256,0
DA:259,79
DA:261,79
DA:264,66
DA:265,50
DA:266,50
DA:269,66
DA:282,150
DA:285,150
DA:288,150
DA:289,36
DA:290,103
DA:291,70
DA:296,36
DA:297,36
DA:301,150
DA:304,150
DA:305,150
DA:306,150
DA:309,150
DA:310,0
DA:311,0
DA:312,0
DA:317,150
DA:319,150
DA:320,150
DA:323,150
DA:324,150
DA:325,450
DA:328,150
DA:332,150
DA:333,150
DA:336,150
DA:337,17
DA:338,17
DA:342,133
DA:345,120
DA:347,0
DA:348,0
DA:352,120
DA:353,120
DA:354,120
DA:355,120
DA:357,0
DA:358,0
DA:359,0
DA:371,133
DA:372,120
DA:377,13
DA:379,1
DA:380,1
DA:382,3
DA:383,3
DA:385,5
DA:386,5
DA:388,1
DA:389,1
DA:391,1
DA:392,1
DA:394,1
DA:395,1
DA:397,1
DA:400,13
DA:411,3
DA:423,5
DA:425,5
DA:433,5
DA:443,6
DA:444,6
DA:448,6
DA:450,6
DA:459,5
DA:463,5
DA:469,4
DA:473,3
DA:483,20
DA:493,31
DA:495,31
DA:505,25
DA:520,3
DA:522,2
DA:524,2
DA:527,1
DA:528,0
DA:531,0
DA:535,0
DA:539,1
DA:540,1
DA:546,3
DA:547,3
DA:552,3
DA:554,3
DA:570,6
DA:574,3
DA:584,2
DA:588,2
DA:598,3
DA:602,2
DA:618,10
DA:622,10
DA:636,3
DA:640,2
DA:649,4
DA:653,3
DA:678,8
DA:681,8
DA:682,0
DA:686,8
DA:687,8
DA:690,8
DA:693,8
DA:694,8
DA:695,1
DA:699,8
DA:705,8
DA:706,0
DA:710,8
DA:711,8
DA:714,8
DA:716,1700
DA:718,1700
DA:721,1700
DA:722,0
DA:725,1700
DA:726,5
DA:731,3
DA:750,5
DA:754,5
DA:757,1
DA:760,4
DA:764,4
DA:775,3
DA:776,3
DA:779,3
DA:782,3
DA:783,60
DA:785,3
DA:803,8
DA:806,8
DA:809,8
DA:812,8
DA:813,0
DA:814,0
DA:815,0
DA:821,8
DA:824,8
DA:825,8
DA:828,8
DA:829,8
DA:830,1
DA:835,8
DA:836,8
DA:837,17
DA:841,8
DA:842,8
DA:845,8
DA:850,8
DA:853,8
DA:854,0
DA:858,8
LF:219
LH:195
BRDA:36,0,0,0
BRDA:93,1,0,1
BRDA:100,2,0,1
BRDA:101,3,0,1
BRDA:101,3,1,0
BRDA:104,4,0,1
BRDA:105,5,0,1
BRDA:105,5,1,0
BRDA:108,6,0,67
BRDA:108,6,1,66
BRDA:112,7,0,67
BRDA:112,7,1,1
BRDA:130,8,0,1
BRDA:130,8,1,0
BRDA:155,9,0,13
BRDA:155,9,1,55
BRDA:155,10,0,68
BRDA:155,10,1,47
BRDA:177,11,0,7
BRDA:184,12,0,13
BRDA:191,13,0,5
BRDA:198,14,0,10
BRDA:205,15,0,20
BRDA:212,16,0,9
BRDA:222,17,0,8
BRDA:248,18,0,0
BRDA:254,19,0,0
BRDA:264,20,0,50
BRDA:280,21,0,0
BRDA:282,22,0,0
BRDA:282,22,1,150
BRDA:288,23,0,36
BRDA:290,24,0,70
BRDA:309,25,0,0
BRDA:336,26,0,17
BRDA:345,27,0,0
BRDA:353,28,0,99
BRDA:353,28,1,21
BRDA:355,29,0,99
BRDA:355,29,1,21
BRDA:371,30,0,120
BRDA:377,31,0,1
BRDA:377,31,1,3
BRDA:377,31,2,5
BRDA:377,31,3,1
BRDA:377,31,4,1
BRDA:377,31,5,1
BRDA:377,31,6,1
BRDA:423,32,0,4
BRDA:423,33,0,5
BRDA:423,33,1,2
BRDA:492,34,0,0
BRDA:493,35,0,30
BRDA:493,36,0,28
BRDA:493,37,0,31
BRDA:493,37,1,26
BRDA:515,38,0,2
BRDA:520,39,0,2
BRDA:524,40,0,1
BRDA:527,41,0,0
BRDA:527,42,0,1
BRDA:527,42,1,0
BRDA:678,43,0,7
BRDA:678,44,0,8
BRDA:678,44,1,7
BRDA:681,45,0,0
BRDA:690,46,0,0
BRDA:690,46,1,8
BRDA:694,47,0,1
BRDA:705,48,0,0
BRDA:716,49,0,0
BRDA:721,50,0,0
BRDA:721,51,0,1700
BRDA:721,51,1,0
BRDA:725,52,0,5
BRDA:750,53,0,4
BRDA:750,54,0,5
BRDA:750,54,1,4
BRDA:754,55,0,1
BRDA:754,55,1,4
BRDA:803,56,0,8
BRDA:803,56,1,0
BRDA:806,57,0,0
BRDA:806,57,1,8
BRDA:812,58,0,0
BRDA:814,59,0,0
BRDA:828,60,0,8
BRDA:853,61,0,0
BRF:88
BRH:64
end_of_record
TN:
SF:src/types.d.ts
FNF:0
FNH:0
LF:0
LH:0
BRF:0
BRH:0
end_of_record
