TN:
SF:src/cache-directory.ts
FN:10,posix
FN:21,darwin
FN:31,win32
FN:41,(anonymous_3)
FN:68,cachedir
FNF:5
FNH:3
FNDA:0,posix
FNDA:2,darwin
FNDA:0,win32
FNDA:2,(anonymous_3)
FNDA:2,cachedir
DA:11,0
DA:12,0
DA:22,2
DA:32,0
DA:33,0
DA:41,2
DA:42,2
DA:44,2
DA:46,0
DA:55,0
DA:58,0
DA:69,2
DA:70,0
DA:72,2
DA:73,0
DA:75,2
DA:76,0
DA:79,2
LF:18
LH:8
BRDA:11,0,0,0
BRDA:11,0,1,0
BRDA:32,1,0,0
BRDA:32,1,1,0
BRDA:42,2,0,2
BRDA:42,2,1,0
BRDA:42,2,2,0
BRDA:42,2,3,0
BRDA:42,2,4,0
BRDA:42,2,5,0
BRDA:42,2,6,0
BRDA:42,2,7,0
BRDA:42,2,8,0
BRDA:42,2,9,0
BRDA:42,2,10,0
BRDA:69,3,0,0
BRDA:72,4,0,0
BRDA:75,5,0,0
BRF:18
BRH:1
end_of_record
TN:
SF:src/cache.ts
FN:21,(anonymous_0)
FN:33,(anonymous_1)
FN:57,(anonymous_2)
FN:68,(anonymous_3)
FN:106,(anonymous_4)
FN:135,(anonymous_5)
FN:146,(anonymous_6)
FN:180,(anonymous_7)
FNF:8
FNH:3
FNDA:2,(anonymous_0)
FNDA:0,(anonymous_1)
FNDA:0,(anonymous_2)
FNDA:6,(anonymous_3)
FNDA:0,(anonymous_4)
FNDA:0,(anonymous_5)
FNDA:3,(anonymous_6)
FNDA:0,(anonymous_7)
DA:14,2
DA:22,2
DA:23,2
DA:34,0
DA:35,0
DA:37,0
DA:39,0
DA:40,0
DA:41,0
DA:42,0
DA:43,0
DA:48,0
DA:58,0
DA:70,6
DA:71,6
DA:74,0
DA:75,0
DA:76,0
DA:79,0
DA:80,0
DA:81,0
DA:85,0
DA:86,0
DA:89,0
DA:90,0
DA:93,0
DA:96,0
DA:108,0
DA:109,0
DA:110,0
DA:111,0
DA:113,0
DA:114,0
DA:120,0
DA:122,0
DA:127,0
DA:136,0
DA:148,3
DA:149,3
DA:152,0
DA:153,0
DA:154,0
DA:157,0
DA:158,0
DA:161,0
DA:170,0
LF:46
LH:7
BRDA:23,0,0,2
BRDA:23,0,1,2
BRDA:37,1,0,0
BRDA:42,2,0,0
BRDA:70,3,0,6
BRDA:80,4,0,0
BRDA:89,5,0,0
BRDA:108,6,0,0
BRDA:113,7,0,0
BRDA:120,8,0,0
BRDA:120,9,0,0
BRDA:120,9,1,0
BRDA:148,10,0,3
BRDA:165,11,0,0
BRDA:165,11,1,0
BRF:15
BRH:4
end_of_record
TN:
SF:src/index.ts
FN:37,(anonymous_0)
FN:46,(anonymous_1)
FN:57,(anonymous_2)
FN:108,(anonymous_3)
FN:140,(anonymous_4)
FN:149,(anonymous_5)
FN:158,(anonymous_6)
FN:181,(anonymous_7)
FN:189,(anonymous_8)
FN:200,(anonymous_9)
FN:211,(anonymous_10)
FN:222,(anonymous_11)
FN:233,(anonymous_12)
FN:244,(anonymous_13)
FN:255,(anonymous_14)
FN:265,(anonymous_15)
FN:272,(anonymous_16)
FN:284,(anonymous_17)
FN:312,(anonymous_18)
FN:321,(anonymous_19)
FN:341,(anonymous_20)
FN:353,(anonymous_21)
FN:379,(anonymous_22)
FN:401,(anonymous_23)
FN:441,(anonymous_24)
FN:462,(anonymous_25)
FN:483,(anonymous_26)
FN:497,(anonymous_27)
FN:519,(anonymous_28)
FN:549,(anonymous_29)
FN:574,(anonymous_30)
FN:628,(anonymous_31)
FN:643,(anonymous_32)
FN:658,(anonymous_33)
FN:681,(anonymous_34)
FN:699,(anonymous_35)
FN:712,(anonymous_36)
FN:740,(anonymous_37)
FN:815,(anonymous_38)
FN:845,(anonymous_39)
FN:855,(anonymous_40)
FN:868,(anonymous_41)
FN:883,(anonymous_42)
FN:895,(anonymous_43)
FNF:44
FNH:11
FNDA:2,(anonymous_0)
FNDA:0,(anonymous_1)
FNDA:0,(anonymous_2)
FNDA:2,(anonymous_3)
FNDA:0,(anonymous_4)
FNDA:0,(anonymous_5)
FNDA:0,(anonymous_6)
FNDA:0,(anonymous_7)
FNDA:0,(anonymous_8)
FNDA:1,(anonymous_9)
FNDA:0,(anonymous_10)
FNDA:0,(anonymous_11)
FNDA:5,(anonymous_12)
FNDA:0,(anonymous_13)
FNDA:0,(anonymous_14)
FNDA:0,(anonymous_15)
FNDA:0,(anonymous_16)
FNDA:6,(anonymous_17)
FNDA:6,(anonymous_18)
FNDA:22,(anonymous_19)
FNDA:0,(anonymous_20)
FNDA:6,(anonymous_21)
FNDA:3,(anonymous_22)
FNDA:0,(anonymous_23)
FNDA:0,(anonymous_24)
FNDA:1,(anonymous_25)
FNDA:0,(anonymous_26)
FNDA:0,(anonymous_27)
FNDA:0,(anonymous_28)
FNDA:5,(anonymous_29)
FNDA:0,(anonymous_30)
FNDA:0,(anonymous_31)
FNDA:0,(anonymous_32)
FNDA:0,(anonymous_33)
FNDA:0,(anonymous_34)
FNDA:0,(anonymous_35)
FNDA:0,(anonymous_36)
FNDA:0,(anonymous_37)
FNDA:0,(anonymous_38)
FNDA:0,(anonymous_39)
FNDA:0,(anonymous_40)
FNDA:0,(anonymous_41)
FNDA:0,(anonymous_42)
FNDA:0,(anonymous_43)
DA:37,2
DA:47,0
DA:58,0
DA:87,2
DA:88,2
DA:89,2
DA:109,2
DA:110,0
DA:113,2
DA:116,2
DA:117,0
DA:120,2
DA:121,0
DA:124,2
DA:127,2
DA:132,2
DA:141,0
DA:146,0
DA:149,0
DA:150,0
DA:159,0
DA:161,0
DA:165,0
DA:167,0
DA:168,0
DA:170,0
DA:173,0
DA:174,0
DA:182,0
DA:190,0
DA:191,0
DA:193,0
DA:201,1
DA:202,1
DA:204,1
DA:212,0
DA:213,0
DA:215,0
DA:223,0
DA:224,0
DA:226,0
DA:234,5
DA:235,1
DA:237,5
DA:245,0
DA:246,0
DA:248,0
DA:256,0
DA:257,0
DA:259,0
DA:266,0
DA:273,0
DA:286,6
DA:287,6
DA:289,6
DA:290,0
DA:294,6
DA:297,6
DA:298,3
DA:301,6
DA:314,6
DA:317,6
DA:320,6
DA:321,6
DA:322,22
DA:323,17
DA:328,6
DA:329,6
DA:333,6
DA:336,6
DA:337,6
DA:340,6
DA:341,0
DA:342,0
DA:347,6
DA:352,6
DA:355,6
DA:358,3
DA:359,3
DA:363,0
DA:364,0
DA:366,0
DA:367,0
DA:371,0
DA:375,0
DA:379,3
DA:381,3
DA:382,0
DA:385,3
DA:387,3
DA:390,0
DA:402,0
DA:403,0
DA:408,0
DA:410,0
DA:411,0
DA:413,0
DA:414,0
DA:416,0
DA:417,0
DA:419,0
DA:420,0
DA:422,0
DA:423,0
DA:425,0
DA:426,0
DA:428,0
DA:431,0
DA:442,0
DA:463,1
DA:465,1
DA:473,1
DA:484,0
DA:488,0
DA:498,0
DA:502,0
DA:520,0
DA:524,0
DA:536,1
DA:550,5
DA:552,5
DA:563,5
DA:579,0
DA:581,0
DA:583,0
DA:586,0
DA:588,0
DA:592,0
DA:596,0
DA:602,0
DA:603,0
DA:608,0
DA:610,0
DA:629,0
DA:633,0
DA:644,0
DA:648,0
DA:659,0
DA:663,0
DA:682,0
DA:686,0
DA:700,0
DA:704,0
DA:713,0
DA:717,0
DA:747,0
DA:750,0
DA:751,0
DA:755,0
DA:756,0
DA:759,0
DA:762,0
DA:763,0
DA:764,0
DA:768,0
DA:774,0
DA:775,0
DA:779,0
DA:780,0
DA:783,0
DA:785,0
DA:787,0
DA:790,0
DA:791,0
DA:794,0
DA:795,0
DA:800,0
DA:822,0
DA:826,0
DA:829,0
DA:832,0
DA:836,0
DA:847,0
DA:848,0
DA:851,0
DA:854,0
DA:855,0
DA:857,0
DA:876,0
DA:879,0
DA:882,0
DA:883,0
DA:884,0
DA:889,0
DA:894,0
DA:895,0
DA:896,0
DA:901,0
DA:907,0
DA:909,0
DA:910,0
DA:914,0
DA:918,0
LF:193
LH:52
BRDA:46,0,0,0
BRDA:109,1,0,0
BRDA:116,2,0,0
BRDA:117,3,0,0
BRDA:117,3,1,0
BRDA:120,4,0,0
BRDA:121,5,0,0
BRDA:121,5,1,0
BRDA:124,6,0,2
BRDA:124,6,1,2
BRDA:128,7,0,2
BRDA:128,7,1,0
BRDA:142,8,0,0
BRDA:142,8,1,0
BRDA:167,9,0,0
BRDA:167,9,1,0
BRDA:167,10,0,0
BRDA:167,10,1,0
BRDA:190,11,0,0
BRDA:201,12,0,1
BRDA:212,13,0,0
BRDA:223,14,0,0
BRDA:234,15,0,1
BRDA:245,16,0,0
BRDA:256,17,0,0
BRDA:284,18,0,0
BRDA:289,19,0,0
BRDA:297,20,0,3
BRDA:312,21,0,0
BRDA:314,22,0,0
BRDA:314,22,1,6
BRDA:320,23,0,6
BRDA:322,24,0,17
BRDA:340,25,0,0
BRDA:355,26,0,3
BRDA:358,27,0,3
BRDA:363,28,0,0
BRDA:363,28,1,0
BRDA:364,29,0,0
BRDA:366,30,0,0
BRDA:381,31,0,0
BRDA:381,32,0,3
BRDA:381,32,1,3
BRDA:402,33,0,0
BRDA:408,34,0,0
BRDA:408,34,1,0
BRDA:408,34,2,0
BRDA:408,34,3,0
BRDA:408,34,4,0
BRDA:408,34,5,0
BRDA:408,34,6,0
BRDA:463,35,0,1
BRDA:463,35,1,1
BRDA:549,36,0,0
BRDA:550,37,0,5
BRDA:550,38,0,5
BRDA:550,39,0,3
BRDA:550,40,0,5
BRDA:550,40,1,3
BRDA:574,41,0,0
BRDA:579,42,0,0
BRDA:583,43,0,0
BRDA:586,44,0,0
BRDA:586,45,0,0
BRDA:586,45,1,0
BRDA:747,46,0,0
BRDA:747,47,0,0
BRDA:747,47,1,0
BRDA:750,48,0,0
BRDA:759,49,0,0
BRDA:759,49,1,0
BRDA:763,50,0,0
BRDA:774,51,0,0
BRDA:785,52,0,0
BRDA:790,53,0,0
BRDA:790,54,0,0
BRDA:790,54,1,0
BRDA:794,55,0,0
BRDA:822,56,0,0
BRDA:822,57,0,0
BRDA:822,57,1,0
BRDA:826,58,0,0
BRDA:826,58,1,0
BRDA:876,59,0,0
BRDA:876,59,1,0
BRDA:882,60,0,0
BRDA:894,61,0,0
BRDA:907,62,0,0
BRDA:909,63,0,0
BRF:89
BRH:20
end_of_record
TN:
SF:src/types.d.ts
FNF:0
FNH:0
LF:0
LH:0
BRF:0
BRH:0
end_of_record
